<?xml version="1.0" encoding="UTF-8"?>
<testsuite xmlns:xsi="http://www.w3.org/2001/XMLSchema-instance" xsi:noNamespaceSchemaLocation="https://maven.apache.org/surefire/maven-surefire-plugin/xsd/surefire-test-report.xsd" name="org.openmrs.api.OrderServiceTest" time="9.683" tests="215" errors="0" skipped="3" failures="0">
  <properties>
[...]
</properties>
  <testcase name="getOrderGroupAttributeByUuid_shouldReturnNullIfNonExistingUuidIsProvided" classname="org.openmrs.api.OrderServiceTest" time="0.037"/>
  <testcase name="saveOrder_shouldPassForADiscontinuationOrderWithNoPreviousOrder" classname="org.openmrs.api.OrderServiceTest" time="0.05"/>
  <testcase name="saveOrder_shouldDefaultToCareSettingAndOrderTypeDefinedInTheOrderContextIfNull" classname="org.openmrs.api.OrderServiceTest" time="0.041"/>
  <testcase name="getOrders_shouldGetAllUnvoidedMatchesIfIncludeVoidedIsSetToFalse" classname="org.openmrs.api.OrderServiceTest" time="0.037"/>
  <testcase name="saveOrderFrequency_shouldAddANewOrderFrequencyToTheDatabase" classname="org.openmrs.api.OrderServiceTest" time="0.04"/>
  <testcase name="saveOrder_shouldNotAllowRevisingAVoidedOrder" classname="org.openmrs.api.OrderServiceTest" time="0.049"/>
  <testcase name="saveOrder_shouldSetAutoExpireDateOfDrugOrderIfAutoExpireDateIsNotSet" classname="org.openmrs.api.OrderServiceTest" time="0.085"/>
  <testcase name="getOrderGroupAttributeType_shouldReturnNullIfNoOrderGroupAttributeTypeHasTheGivenId" classname="org.openmrs.api.OrderServiceTest" time="0.032"/>
  <testcase name="getOrders_shouldFailIfCareSettingIsNull" classname="org.openmrs.api.OrderServiceTest" time="0.032"/>
  <testcase name="getOrders_shouldReturnOrdersWithFulfillerStatusReceivedOrNull" classname="org.openmrs.api.OrderServiceTest" time="0.035"/>
  <testcase name="getOrderFrequencies_shouldRejectANullSearchPhrase" classname="org.openmrs.api.OrderServiceTest" time="0.032"/>
  <testcase name="getOrders_shouldGetTheOrdersThatMatchAllTheArguments" classname="org.openmrs.api.OrderServiceTest" time="0.046"/>
  <testcase name="getOrderGroupAttributeTypes_shouldReturnAllOrderGroupAttributeTypes" classname="org.openmrs.api.OrderServiceTest" time="0.033"/>
  <testcase name="getOrderFrequencies_shouldGetNonRetiredFrequenciesWithNamesMatchingThePhraseIfIncludeRetiredIsFalse" classname="org.openmrs.api.OrderServiceTest" time="0.056"/>
  <testcase name="getDiscontinuationOrder_shouldReturnNullIfDcOrderIsVoided" classname="org.openmrs.api.OrderServiceTest" time="0.05"/>
  <testcase name="getActiveOrders_shouldReturnAllOrdersIfNoOrderTypeIsSpecified" classname="org.openmrs.api.OrderServiceTest" time="0.044"/>
  <testcase name="saveRetrospectiveOrder_shouldFailIfAnActiveDrugOrderForTheSameConceptAndCareSettingExistsAtOrderDateActivated" classname="org.openmrs.api.OrderServiceTest" time="0.12"/>
  <testcase name="getOrderFrequencyByConcept_shouldReturnTheOrderFrequencyThatMatchesTheSpecifiedConcept" classname="org.openmrs.api.OrderServiceTest" time="0.03"/>
  <testcase name="retireOrderGroupAttributeType_shouldRetireOrderGroupAttributeType" classname="org.openmrs.api.OrderServiceTest" time="0.032"/>
  <testcase name="voidOrder_shouldUnsetDateStoppedOfThePreviousOrderIfTheSpecifiedOrderIsARevision" classname="org.openmrs.api.OrderServiceTest" time="0.037"/>
  <testcase name="getOrderFrequencies_shouldGetFrequenciesWithNamesThatMatchThePhraseAndLocalesIfExactLocaleIsFalse" classname="org.openmrs.api.OrderServiceTest" time="0.048"/>
  <testcase name="saveOrder_shouldFailIfConceptInPreviousOrderDoesNotMatchThisConcept" classname="org.openmrs.api.OrderServiceTest" time="0.04"/>
  <testcase name="saveOrder_shouldSetOrderTypeOfTestOrderToTestOrderIfNotSetAndConceptNotMapped" classname="org.openmrs.api.OrderServiceTest" time="0.05"/>
  <testcase name="getOrders_shouldFailIfPatientIsNull" classname="org.openmrs.api.OrderServiceTest" time="0.038"/>
  <testcase name="getOrderHistoryByConcept_shouldReturnEmptyListForConceptWithoutOrders" classname="org.openmrs.api.OrderServiceTest" time="0.037"/>
  <testcase name="unvoidOrder_shouldFailForADiscontinuationOrderIfThePreviousOrderIsInactive" classname="org.openmrs.api.OrderServiceTest" time="0.047"/>
  <testcase name="getCareSettingByName_shouldReturnTheCareSettingWithTheSpecifiedName" classname="org.openmrs.api.OrderServiceTest" time="0.032"/>
  <testcase name="saveOrderType_shouldEditAnExistingOrderType" classname="org.openmrs.api.OrderServiceTest" time="0.036"/>
  <testcase name="getActiveOrders_shouldReturnAllActiveTestOrdersForTheSpecifiedPatient" classname="org.openmrs.api.OrderServiceTest" time="0.042"/>
  <testcase name="saveOrder_shouldRollTheAutoExpireDateToTheEndOfTheDayIfItHasNoTimeComponent" classname="org.openmrs.api.OrderServiceTest" time="0.043"/>
  <testcase name="saveOrderType_shouldAddANewOrderTypeToTheDatabase" classname="org.openmrs.api.OrderServiceTest" time="0.034"/>
  <testcase name="saveOrder_shouldPassIfAnActiveDrugOrderForTheSameConceptAndCareSettingButDifferentFormulationExists" classname="org.openmrs.api.OrderServiceTest" time="0.073"/>
  <testcase name="getOrders_shouldGetOrdersByConcepts" classname="org.openmrs.api.OrderServiceTest" time="0.033"/>
  <testcase name="getRevisionOrder_shouldReturnNullIfOrderHasNotBeenRevised" classname="org.openmrs.api.OrderServiceTest" time="0.033"/>
  <testcase name="getOrders_shouldGetOrdersByIncludeVoided" classname="org.openmrs.api.OrderServiceTest" time="0.039"/>
  <testcase name="updateOrderFulfillerStatus_shouldEditFulfillerStatusWithAccessionNumberInOrder" classname="org.openmrs.api.OrderServiceTest" time="0.037"/>
  <testcase name="purgeOrder_shouldDeleteAnyObsAssociatedToTheOrderWhenCascadeIsTrue" classname="org.openmrs.api.OrderServiceTest" time="0.053"/>
  <testcase name="saveOrder_shouldNotAllowRevisingAnExpiredOrder" classname="org.openmrs.api.OrderServiceTest" time="0.041"/>
  <testcase name="saveOrder_shouldSetOrderNumberSpecifiedInTheContextIfSpecified" classname="org.openmrs.api.OrderServiceTest" time="0.045"/>
  <testcase name="voidOrder_shouldUnsetDateStoppedOfThePreviousOrderIfTheSpecifiedOrderIsADiscontinuation" classname="org.openmrs.api.OrderServiceTest" time="0.038"/>
  <testcase name="saveOrder_shouldPassIfAnActiveTestOrderForTheSameConceptAndCareSettingExists" classname="org.openmrs.api.OrderServiceTest" time="0.047"/>
  <testcase name="getOrderFrequencies_shouldReturnAllTheOrderFrequenciesIfIncludeRetiredIsSetToTrue" classname="org.openmrs.api.OrderServiceTest" time="0.031"/>
  <testcase name="getOrders_shouldreturnDiscontinuedOrders" classname="org.openmrs.api.OrderServiceTest" time="0.032"/>
  <testcase name="saveOrder_shouldNotSaveOrderIfOrderDoesntValidate" classname="org.openmrs.api.OrderServiceTest" time="0.032"/>
  <testcase name="getOrderGroupAttributeTypeByUuid_shouldReturnOrderGroupAttributeTypeByUuid" classname="org.openmrs.api.OrderServiceTest" time="0.032"/>
  <testcase name="getOrderHistoryByConcept_shouldRejectANullPatient" classname="org.openmrs.api.OrderServiceTest" time="0.033"/>
  <testcase name="getRevisionOrder_shouldNotReturnAVoidedRevisionOrder" classname="org.openmrs.api.OrderServiceTest" time="0.05"/>
  <testcase name="getOrderFrequencies_shouldReturnOnlyNonRetiredOrderFrequenciesIfIncludeRetiredIsSetToFalse" classname="org.openmrs.api.OrderServiceTest" time="0.036"/>
  <testcase name="getNonCodedDrugConcept_shouldReturnNullIfNothingIsConfigured" classname="org.openmrs.api.OrderServiceTest" time="0.032"/>
  <testcase name="getOrders_shouldReturnOrdersAutoExpiredBeforeDate" classname="org.openmrs.api.OrderServiceTest" time="0.031"/>
  <testcase name="saveOrder_shouldFailIfOrderTypeIsNullAndNotMappedToTheConceptClass" classname="org.openmrs.api.OrderServiceTest" time="0.038"/>
  <testcase name="getOrderAttributeByUuid_shouldReturnNullIfNonExistingUuidIsProvided" classname="org.openmrs.api.OrderServiceTest" time="0.03"/>
  <testcase name="voidOrder_shouldVoidAnOrder" classname="org.openmrs.api.OrderServiceTest" time="0.032"/>
  <testcase name="getOrderFrequencies_shouldIncludeRetiredFrequenciesIfIncludeRetiredIsSetToTrue" classname="org.openmrs.api.OrderServiceTest" time="0.047"/>
  <testcase name="getOrders_shouldGetOrdersByOrderTypes" classname="org.openmrs.api.OrderServiceTest" time="0.038"/>
  <testcase name="unretireOrderAttributeType_shouldUnretireTheProvidedOrderAttributeType" classname="org.openmrs.api.OrderServiceTest" time="0.034"/>
  <testcase name="getOrderByUuid_shouldFindObjectGivenValidUuid" classname="org.openmrs.api.OrderServiceTest" time="0.032"/>
  <testcase name="saveOrder_shouldThrowAmbiguousOrderExceptionIfAnActiveDrugOrderForTheSameDrugFormulationExists" classname="org.openmrs.api.OrderServiceTest" time="0.069"/>
  <testcase name="getOrderAttributeTypeById_shouldReturnOrderAttributeTypeUsingProvidedId" classname="org.openmrs.api.OrderServiceTest" time="0.03"/>
  <testcase name="discontinueOrder_shouldFailIfDiscontinueDateIsInTheFuture" classname="org.openmrs.api.OrderServiceTest" time="0.038"/>
  <testcase name="saveOrder_shouldSetTheOrderNumberReturnedByTheConfiguredGenerator" classname="org.openmrs.api.OrderServiceTest" time="0.047"/>
  <testcase name="getOrderTypes_shouldGetAllOrderTypesIfIncludeRetiredIsSetToTrue" classname="org.openmrs.api.OrderServiceTest" time="0.032"/>
  <testcase name="getOrderFrequencies_shouldReturnUniqueFrequencies" classname="org.openmrs.api.OrderServiceTest" time="0.055"/>
  <testcase name="getOrderFrequencyByUuid_shouldReturnTheOrderFrequencyThatMatchesTheSpecifiedUuid" classname="org.openmrs.api.OrderServiceTest" time="0.033"/>
  <testcase name="saveOrder_shouldAllowARetrospectiveOrderToCloseAnOrderThatExpiredInThePast" classname="org.openmrs.api.OrderServiceTest" time="0.103"/>
  <testcase name="getOrders_shouldReturnOrdersWithFulfillerStatusNotNull" classname="org.openmrs.api.OrderServiceTest" time="0.035"/>
  <testcase name="unvoidOrder_shouldStopThePreviousOrderIfTheSpecifiedOrderIsARevision" classname="org.openmrs.api.OrderServiceTest" time="0.044"/>
  <testcase name="getTestSpecimenSources_shouldReturnAnEmptyListIfNothingIsConfigured" classname="org.openmrs.api.OrderServiceTest" time="0.034"/>
  <testcase name="saveOrderGroupAttributeType_shouldEditAnExistingOrderGroupAttributeType" classname="org.openmrs.api.OrderServiceTest" time="0.032"/>
  <testcase name="getOrders_shouldGetTheOrdersByOrderNumberEvenIfCaseDoesNotMatch" classname="org.openmrs.api.OrderServiceTest" time="0.034"/>
  <testcase name="saveOrderGroupAttributeType_shouldSaveOrderGroupAttributeTypeGivenOrderGroupAttributeType" classname="org.openmrs.api.OrderServiceTest" time="0.034"/>
  <testcase name="getOrderAttributeTypeByUuid_shouldReturnOrderAttributeTypeUsingProvidedUuid" classname="org.openmrs.api.OrderServiceTest" time="0.034"/>
  <testcase name="saveOrder_shouldSaveTheFormNamespaceAndPath" classname="org.openmrs.api.OrderServiceTest" time="0.043"/>
  <testcase name="getOrderGroupAttributeTypeByName_shouldReturnOrderGroupAttributeTypeUsingName" classname="org.openmrs.api.OrderServiceTest" time="0.03"/>
  <testcase name="saveOrder_shouldThrowAmbiguousOrderExceptionIfDisconnectingMultipleActiveOrdersForTheGivenConcepts" classname="org.openmrs.api.OrderServiceTest" time="0.058"/>
  <testcase name="getAllOrdersByPatient_shouldGetAllTheOrdersForTheSpecifiedPatient" classname="org.openmrs.api.OrderServiceTest" time="0.033"/>
  <testcase name="retireOrderAttributeType_shouldRetireTheProvidedOrderAttributeType" classname="org.openmrs.api.OrderServiceTest" time="0.029"/>
  <testcase name="unretireOrderFrequency_shouldUnretireGivenOrderFrequency" classname="org.openmrs.api.OrderServiceTest" time="0.047"/>
  <testcase name="getOrderType_shouldReturnNullIfNoOrderTypeObjectFoundWithGivenId" classname="org.openmrs.api.OrderServiceTest" time="0.035"/>
  <testcase name="getOrders_shouldGetTheOrdersByOrderNumber" classname="org.openmrs.api.OrderServiceTest" time="0.03"/>
  <testcase name="purgeOrderGroupAttributeType_shouldPurgeOrderGroupAttributeType" classname="org.openmrs.api.OrderServiceTest" time="0.032"/>
  <testcase name="getOrders_shouldIncludeVoidedMatchesIfIncludeVoidedIsSetToTrue" classname="org.openmrs.api.OrderServiceTest" time="0.033"/>
  <testcase name="getOrderByOrderNumber_shouldFindObjectGivenValidOrderNumber" classname="org.openmrs.api.OrderServiceTest" time="0.03"/>
  <testcase name="discontinueOrder_shouldFailForADiscontinuedOrder" classname="org.openmrs.api.OrderServiceTest" time="0.033"/>
  <testcase name="getNonCodedDrugConcept_shouldReturnAConceptIfGPIsSet" classname="org.openmrs.api.OrderServiceTest" time="0.067"/>
  <testcase name="discontinueOrder_shouldPopulateCorrectAttributesOnTheDiscontinueAndDiscontinuedOrders" classname="org.openmrs.api.OrderServiceTest" time="0.034"/>
  <testcase name="getOrderByUuid_shouldReturnNullIfNoObjectFoundWithGivenUuid" classname="org.openmrs.api.OrderServiceTest" time="0.027"/>
  <testcase name="getOrderByOrderNumber_shouldReturnNullIfNoObjectFoundWithGivenOrderNumber" classname="org.openmrs.api.OrderServiceTest" time="0.03"/>
  <testcase name="getOrders_shouldGetOrdersByActivatedOnOrBeforeDate" classname="org.openmrs.api.OrderServiceTest" time="0.033"/>
  <testcase name="saveOrder_shouldPassIfAnActiveOrderForTheSameConceptExistsInADifferentCareSetting" classname="org.openmrs.api.OrderServiceTest" time="0.044"/>
  <testcase name="updateOrderFulfillerStatus_shouldUpdateFulfillerStatusWithEmptyStrings" classname="org.openmrs.api.OrderServiceTest" time="0.036"/>
  <testcase name="getOrderAttributeByUuid_shouldReturnOrderAttributeUsingProvidedUuid" classname="org.openmrs.api.OrderServiceTest" time="0.035"/>
  <testcase name="getOrderHistoryByOrderNumber_shouldReturnAllOrderHistoryForGivenOrderNumber" classname="org.openmrs.api.OrderServiceTest" time="0.032"/>
  <testcase name="saveOrder_shouldRevisePreviousNonCodedOrderIfItIsAlreadyExisting" classname="org.openmrs.api.OrderServiceTest" time="0.07"/>
  <testcase name="saveOrder_shouldFailIfTheExistingDrugOrderMatchesTheConceptAndNotDrugOfTheRevisedOrder" classname="org.openmrs.api.OrderServiceTest" time="0.047"/>
  <testcase name="purgeOrderFrequency_shouldNotAllowDeletingAnOrderFrequencyThatIsInUse" classname="org.openmrs.api.OrderServiceTest" time="0.034"/>
  <testcase name="getOrderGroupAttributeByUuid_shouldReturnOrderGroupAttributeGivenUuid" classname="org.openmrs.api.OrderServiceTest" time="0.036"/>
  <testcase name="saveOrder_shouldSaveARevisedOrder" classname="org.openmrs.api.OrderServiceTest" time="0.051"/>
  <testcase name="getOrderTypeByConceptClass_shouldGetOrderTypeMappedToTheGivenConceptClass" classname="org.openmrs.api.OrderServiceTest" time="0.032"/>
  <testcase name="getAllOrdersByPatient_shouldFailIfPatientIsNull" classname="org.openmrs.api.OrderServiceTest" time="0.033"/>
  <testcase name="purgeOrderType_shouldNotAllowDeletingAnOrderTypeThatIsInUse" classname="org.openmrs.api.OrderServiceTest" time="0.033"/>
  <testcase name="updateOrderFulfillerStatus_shouldNotUpdateFulfillerStatusNullParameters" classname="org.openmrs.api.OrderServiceTest" time="0.037"/>
  <testcase name="getTestSpecimenSources_shouldReturnAListIfGPIsSet" classname="org.openmrs.api.OrderServiceTest" time="0.03"/>
  <testcase name="getDiscontinuationOrder_shouldReturnNullIfOrderHasNotBeenDiscontinued" classname="org.openmrs.api.OrderServiceTest" time="0.034"/>
  <testcase name="getOrderType_shouldFindOrderTypeObjectGivenValidId" classname="org.openmrs.api.OrderServiceTest" time="0.029"/>
  <testcase name="unretireOrderType_shouldUnretireOrderType" classname="org.openmrs.api.OrderServiceTest" time="0.032"/>
  <testcase name="saveOrder_shouldDiscontinuePreviousNonCodedOrderIfItIsNotAlreadyDiscontinued" classname="org.openmrs.api.OrderServiceTest" time="0.07"/>
  <testcase name="discontinueOrder_shouldRejectAFutureDiscontinueDate" classname="org.openmrs.api.OrderServiceTest" time="0.037"/>
  <testcase name="saveOrder_shouldSaveARevisedOrderForAScheduledOrderWhichIsNotStarted" classname="org.openmrs.api.OrderServiceTest" time="0.043"/>
  <testcase name="saveOrderAttributeType_shouldEditTheExistingOrderAttributeType" classname="org.openmrs.api.OrderServiceTest" time="0.035"/>
  <testcase name="discontinueOrder_shouldFailForADiscontinuationOrder" classname="org.openmrs.api.OrderServiceTest" time="0.043"/>
  <testcase name="saveOrder_shouldPassIfAnActiveDrugOrderForTheSameDrugFormulationExistsBeyondSchedule" classname="org.openmrs.api.OrderServiceTest" time="0.072"/>
  <testcase name="getOrderTypeByConcept_shouldGetOrderTypeMappedToTheGivenConcept" classname="org.openmrs.api.OrderServiceTest" time="0.03"/>
  <testcase name="discontinueOrder_shouldNotPassForADiscontinuationOrder" classname="org.openmrs.api.OrderServiceTest" time="0.055"/>
  <testcase name="saveOrder_shouldNotAllowEditingAnExistingOrder" classname="org.openmrs.api.OrderServiceTest" time="0.044"/>
  <testcase name="discontinueOrder_shouldFailForAStoppedOrder" classname="org.openmrs.api.OrderServiceTest" time="0.033"/>
  <testcase name="getCareSettings_shouldReturnOnlyUnRetiredCareSettingsIfIncludeRetiredIsSetToFalse" classname="org.openmrs.api.OrderServiceTest" time="0.031"/>
  <testcase name="saveOrder_shouldSetOrderTypeOfDrugOrderToDrugOrderIfNotSetAndConceptNotMapped" classname="org.openmrs.api.OrderServiceTest" time="0.047"/>
  <testcase name="saveOrder_shouldFailIfAnActiveDrugOrderForTheSameConceptAndDrugNonCodedAndCareSettingExists" classname="org.openmrs.api.OrderServiceTest" time="0.075"/>
  <testcase name="saveOrder_shouldFailIfAnActiveDrugOrderForTheSameConceptAndCareSettingExists" classname="org.openmrs.api.OrderServiceTest" time="0.047"/>
  <testcase name="getOrders_shouldGetTheOrdersByCareSettingAndOrderType" classname="org.openmrs.api.OrderServiceTest" time="0.035"/>
  <testcase name="getAllOrderAttributeTypes_shouldReturnAllOrderAttributeTypes" classname="org.openmrs.api.OrderServiceTest" time="0.03"/>
  <testcase name="saveOrderFrequency_shouldEditAnExistingOrderFrequencyThatIsNotInUse" classname="org.openmrs.api.OrderServiceTest" time="0.045"/>
  <testcase name="saveOrder_shouldFailForRevisionOrderIfAnActiveDrugOrderForTheSameConceptAndCareSettingsExists" classname="org.openmrs.api.OrderServiceTest" time="0">
    <skipped message="Ignored because it fails after removal of deprecated methods TRUNK-4772"/>
  </testcase>
  <testcase name="getActiveOrders_shouldReturnAllActiveDrugOrdersForTheSpecifiedPatient" classname="org.openmrs.api.OrderServiceTest" time="0.034"/>
  <testcase name="getRevisionOrder_shouldReturnRevisionOrderIfOrderHasBeenRevised" classname="org.openmrs.api.OrderServiceTest" time="0.034"/>
  <testcase name="retireOrderFrequency_shouldRetireGivenOrderFrequency" classname="org.openmrs.api.OrderServiceTest" time="0.037"/>
  <testcase name="saveOrder_shouldFailIfConceptInPreviousOrderDoesNotMatchThatOfTheRevisedOrder" classname="org.openmrs.api.OrderServiceTest" time="0.044"/>
  <testcase name="getDrugDosingUnits_shouldReturnAListIfGPIsSet" classname="org.openmrs.api.OrderServiceTest" time="0.031"/>
  <testcase name="getOrders_shouldNotReturnCanceledOrAutoExpiredOrders" classname="org.openmrs.api.OrderServiceTest" time="0.03"/>
  <testcase name="getOrders_shouldGetOrdersByCareSetting" classname="org.openmrs.api.OrderServiceTest" time="0.034"/>
  <testcase name="getNewOrderNumber_shouldAlwaysReturnUniqueOrderNumbersWhenCalledMultipleTimesWithoutSavingOrders" classname="org.openmrs.api.OrderServiceTest" time="0.247"/>
  <testcase name="getOrderHistoryByConcept_shouldRejectANullConcept" classname="org.openmrs.api.OrderServiceTest" time="0.033"/>
  <testcase name="saveOrder_shouldFailIfTheJavaTypeOfThePreviousOrderDoesNotMatch" classname="org.openmrs.api.OrderServiceTest" time="0.463"/>
  <testcase name="getOrders_shouldNotReturnDiscontinuedOrders" classname="org.openmrs.api.OrderServiceTest" time="0.033"/>
  <testcase name="getDrugDispensingUnits_shouldReturnTheUnionOfTheDosingAndDispensingUnits" classname="org.openmrs.api.OrderServiceTest" time="0.04"/>
  <testcase name="getActiveOrders_shouldFailIfPatientIsNull" classname="org.openmrs.api.OrderServiceTest" time="0.033"/>
  <testcase name="retireOrderType_shouldRetireOrderType" classname="org.openmrs.api.OrderServiceTest" time="0.033"/>
  <testcase name="getOrderSubTypes_shouldGetAllSubOrderTypesWithRetiredOrderTypes" classname="org.openmrs.api.OrderServiceTest" time="0.033"/>
  <testcase name="getOrderTypeByUuid_shouldReturnNullIfNoOrderTypeObjectFoundWithGivenUuid" classname="org.openmrs.api.OrderServiceTest" time="0.031"/>
  <testcase name="updateOrderFulfillerStatus_shouldEditFulfillerStatusInOrder" classname="org.openmrs.api.OrderServiceTest" time="0.039"/>
  <testcase name="getCareSettingByUuid_shouldReturnTheCareSettingWithTheSpecifiedUuid" classname="org.openmrs.api.OrderServiceTest" time="0.033"/>
  <testcase name="getOrderHistoryByConcept_shouldReturnOrdersWithTheGivenConcept" classname="org.openmrs.api.OrderServiceTest" time="0.041"/>
  <testcase name="getOrderSubTypes_shouldGetAllSubOrderTypesWithoutRetiredOrderTypes" classname="org.openmrs.api.OrderServiceTest" time="0.033"/>
  <testcase name="getActiveOrders_shouldReturnAllActiveOrdersForTheSpecifiedPatientAndCareSetting" classname="org.openmrs.api.OrderServiceTest" time="0.036"/>
  <testcase name="discontinueOrder_shouldNotPassForADiscontinuedOrder" classname="org.openmrs.api.OrderServiceTest" time="0.035"/>
  <testcase name="getOrders_shouldGetStoppedOrders" classname="org.openmrs.api.OrderServiceTest" time="0.033"/>
  <testcase name="saveOrder_shouldThrowAmbiguousOrderExceptionIfDisconnectingMultipleActiveDrugOrdersWithTheSameDrug" classname="org.openmrs.api.OrderServiceTest" time="0.063"/>
  <testcase name="saveOrder_shouldPassIfAnKnownDrugOrderForTheSameDrugFormulationSpecified" classname="org.openmrs.api.OrderServiceTest" time="0.077"/>
  <testcase name="getOrderTypes_shouldGetAllNonRetiredOrderTypesIfIncludeRetiredIsSetToFalse" classname="org.openmrs.api.OrderServiceTest" time="0.031"/>
  <testcase name="saveOrder_shouldSetConceptForDrugOrdersIfNull" classname="org.openmrs.api.OrderServiceTest" time="0.042"/>
  <testcase name="getOrderFrequencies_shouldGetFrequenciesWithNamesThatMatchThePhraseAndLocaleIfExactLocaleIsTrue" classname="org.openmrs.api.OrderServiceTest" time="0.049"/>
  <testcase name="getOrders_shouldGetTheOrdersByAccessionNumberEvenIfCaseDoesNotMatch" classname="org.openmrs.api.OrderServiceTest" time="0.032"/>
  <testcase name="shouldSetTheCorrectSortWeightWhenAddingAnOrderWithANegativePosition" classname="org.openmrs.api.OrderServiceTest" time="0.136"/>
  <testcase name="saveOrder_shouldPassIfAnActiveDrugOrderForTheSameConceptAndDifferentDrugNonCodedExists" classname="org.openmrs.api.OrderServiceTest" time="0.076"/>
  <testcase name="discontinueOrder_shouldPassForAnActiveOrderWhichIsScheduledAndNotStartedAsOfDiscontinueDateWithParamConcept" classname="org.openmrs.api.OrderServiceTest" time="0.037"/>
  <testcase name="getOrders_shouldReturnOnlyCanceledOrAutoExpiredOrdersBeforeDate" classname="org.openmrs.api.OrderServiceTest" time="0.032"/>
  <testcase name="getOrders_shouldGetTheOrdersByAccessionNumber" classname="org.openmrs.api.OrderServiceTest" time="0.034"/>
  <testcase name="saveOrderWithScheduledDate_shouldAddANewOrderWithScheduledDateToTheDatabase" classname="org.openmrs.api.OrderServiceTest" time="0.038"/>
  <testcase name="getOrders_shouldreturnOrdersWithFulfillerStatusCompleted" classname="org.openmrs.api.OrderServiceTest" time="0.032"/>
  <testcase name="shouldSaveOrdersWithSortWeightWhenWithinAOrderGroup" classname="org.openmrs.api.OrderServiceTest" time="0.08"/>
  <testcase name="unvoidOrder_shouldUnvoidAnOrder" classname="org.openmrs.api.OrderServiceTest" time="0.032"/>
  <testcase name="getDurationUnits_shouldReturnAListIfGPIsSet" classname="org.openmrs.api.OrderServiceTest" time="0.033"/>
  <testcase name="retireOrderType_shouldNotRetireIndependentField" classname="org.openmrs.api.OrderServiceTest" time="0.037"/>
  <testcase name="getOrders_shouldReturnOrdersWithFulfillerStatusNull" classname="org.openmrs.api.OrderServiceTest" time="0.033"/>
  <testcase name="shouldSetTheCorrectSortWeightWhenAddingAnOrderAtAPosition" classname="org.openmrs.api.OrderServiceTest" time="0.083"/>
  <testcase name="saveOrder_shouldFailDiscontinueNonCodedDrugOrderIfOrderableOfPreviousAndNewOrderDontMatch" classname="org.openmrs.api.OrderServiceTest" time="0.065"/>
  <testcase name="discontinueOrder_shouldFailForAVoidedOrder" classname="org.openmrs.api.OrderServiceTest" time="0.038"/>
  <testcase name="getDrugRoutes_shouldGetDrugRoutesAssociatedConceptPrividedInGlobalProperties" classname="org.openmrs.api.OrderServiceTest" time="0.028"/>
  <testcase name="discontinueOrder_shouldSetCorrectAttributesOnTheDiscontinueAndDiscontinuedOrders" classname="org.openmrs.api.OrderServiceTest" time="0.049"/>
  <testcase name="saveOrder_shouldPassIfTheExistingDrugOrderMatchesTheConceptAndThereIsNoDrugOnThePreviousOrder" classname="org.openmrs.api.OrderServiceTest" time="0.045"/>
  <testcase name="discontinueOrder_shouldPassForAnActiveOrderWhichIsScheduledAndNotStartedAsOfDiscontinueDate" classname="org.openmrs.api.OrderServiceTest" time="0.042"/>
  <testcase name="saveOrder_shouldNotRevisePreviousIfAlreadyStopped" classname="org.openmrs.api.OrderServiceTest" time="0.086"/>
  <testcase name="saveOrder_shouldPassIfTheExistingDrugOrderMatchesTheConceptAndDrugOfTheDCOrder" classname="org.openmrs.api.OrderServiceTest" time="0.042"/>
  <testcase name="saveOrder_shouldDiscontinueExistingActiveOrderIfNewOrderBeingSavedWithActionToDiscontinue" classname="org.openmrs.api.OrderServiceTest" time="0.043"/>
  <testcase name="saveOrder_shouldNotChangeTheAutoExpireDateIfItHasATimeComponent" classname="org.openmrs.api.OrderServiceTest" time="0.041"/>
  <testcase name="getActiveOrders_shouldReturnActiveOrdersAsOfTheSpecifiedDate" classname="org.openmrs.api.OrderServiceTest" time="0.041"/>
  <testcase name="saveOrder_shouldFailIfTheOrderTypeOfThePreviousOrderDoesNotMatch" classname="org.openmrs.api.OrderServiceTest" time="0.041"/>
  <testcase name="getOrderAttributeTypeById_shouldReturnNullIfNoOrderAttributeTypeHasTheProvidedId" classname="org.openmrs.api.OrderServiceTest" time="0.044"/>
  <testcase name="getCareSettings_shouldReturnRetiredCareSettingsIfIncludeRetiredIsSetToTrue" classname="org.openmrs.api.OrderServiceTest" time="0.032"/>
  <testcase name="getOrderTypeByUuid_shouldFindOrderTypeObjectGivenValidUuid" classname="org.openmrs.api.OrderServiceTest" time="0.031"/>
  <testcase name="purgeOrder_shouldDeleteOrderFromTheDatabase" classname="org.openmrs.api.OrderServiceTest" time="0.031"/>
  <testcase name="saveRetrospectiveOrder_shouldDiscontinueOrderInRetrospectiveEntry" classname="org.openmrs.api.OrderServiceTest" time="0.077"/>
  <testcase name="getDrugDispensingUnits_shouldReturnAnEmptyListIfNothingIsConfigured" classname="org.openmrs.api.OrderServiceTest" time="0.038"/>
  <testcase name="getDrugDosingUnits_shouldReturnAnEmptyListIfNothingIsConfigured" classname="org.openmrs.api.OrderServiceTest" time="0.032"/>
  <testcase name="discontinueOrder_shouldFailForAnExpiredOrder" classname="org.openmrs.api.OrderServiceTest" time="0.033"/>
  <testcase name="getActiveOrders_shouldIncludeOrdersForSubTypesIfOrderTypeIsSpecified" classname="org.openmrs.api.OrderServiceTest" time="0.05"/>
  <testcase name="unvoidOrder_shouldFailForAReviseOrderIfThePreviousOrderIsInactive" classname="org.openmrs.api.OrderServiceTest" time="0.055"/>
  <testcase name="saveOrder_shouldSetOrderTypeIfNullButMappedToTheConceptClass" classname="org.openmrs.api.OrderServiceTest" time="0.037"/>
  <testcase name="saveOrder_shouldDiscontinuePreviousOrderIfItIsNotAlreadyDiscontinued" classname="org.openmrs.api.OrderServiceTest" time="0.047"/>
  <testcase name="saveOrder_shouldSaveRevisionOrderScheduledOnDateNotOverlappingWithAnActiveOrderForTheSameConceptAndCareSetting" classname="org.openmrs.api.OrderServiceTest" time="0">
    <skipped message="Ignored because it fails after removal of deprecated methods TRUNK-4772"/>
  </testcase>
  <testcase name="saveOrder_shouldFailIfDrugNonCodedInPreviousDrugOrderDoesNotMatchThatOfTheRevisedDrugOrder" classname="org.openmrs.api.OrderServiceTest" time="0.071"/>
  <testcase name="getActiveOrders_shouldReturnAllActiveOrdersForTheSpecifiedPatient" classname="org.openmrs.api.OrderServiceTest" time="0.034"/>
  <testcase name="getOrders_shouldGetOrdersByPatient" classname="org.openmrs.api.OrderServiceTest" time="0.034"/>
  <testcase name="getOrderFrequency_shouldReturnTheOrderFrequencyThatMatchesTheSpecifiedId" classname="org.openmrs.api.OrderServiceTest" time="0.029"/>
  <testcase name="saveRetrospectiveOrder_shouldDiscontinueAndStopActiveOrderInRetrospectiveEntry" classname="org.openmrs.api.OrderServiceTest" time="0.082"/>
  <testcase name="getDiscontinuationOrder_shouldReturnDiscontinuationOrderIfOrderHasBeenDiscontinued" classname="org.openmrs.api.OrderServiceTest" time="0.036"/>
  <testcase name="saveOrderGroup_shouldFailValidationIfAnyOrdersFailValidation" classname="org.openmrs.api.OrderServiceTest" time="0.068"/>
  <testcase name="getOrders_shouldIncludeOrdersForSubTypesIfOrderTypeIsSpecified" classname="org.openmrs.api.OrderServiceTest" time="0.048"/>
  <testcase name="getOrderGroupAttributeType_shouldReturnOrderGroupAttributeType" classname="org.openmrs.api.OrderServiceTest" time="0.031"/>
  <testcase name="purgeOrderAttributeType_shouldPurgeTheProvidedOrderAttributeType" classname="org.openmrs.api.OrderServiceTest" time="0.034"/>
  <testcase name="unvoidOrder_shouldStopThePreviousOrderIfTheSpecifiedOrderIsADiscontinuation" classname="org.openmrs.api.OrderServiceTest" time="0.036"/>
  <testcase name="unretireOrderGroupAttributeType_shouldUnretireOrderGroupAttributeType" classname="org.openmrs.api.OrderServiceTest" time="0.028"/>
  <testcase name="purgeOrderType_shouldDeleteOrderTypeIfNotInUse" classname="org.openmrs.api.OrderServiceTest" time="0.03"/>
  <testcase name="getDurationUnits_shouldReturnAnEmptyListIfNothingIsConfigured" classname="org.openmrs.api.OrderServiceTest" time="0.033"/>
  <testcase name="getOrders_shouldGetOrdersByActivatedOnOrAfterDate" classname="org.openmrs.api.OrderServiceTest" time="0.032"/>
  <testcase name="saveOrder_shouldNotAllowRevisingAStoppedOrder" classname="org.openmrs.api.OrderServiceTest" time="0.045"/>
  <testcase name="getOrderTypeByName_shouldReturnTheOrderTypeThatMatchesTheSpecifiedName" classname="org.openmrs.api.OrderServiceTest" time="0.029"/>
  <testcase name="saveOrder_shouldPassForRevisionOrderIfAnActiveTestOrderForTheSameConceptAndCareSettingsExists" classname="org.openmrs.api.OrderServiceTest" time="0">
    <skipped message="Ignored because it fails after removal of deprecated methods TRUNK-4772"/>
  </testcase>
  <testcase name="saveOrder_shouldNotAllowRevisingAnOrderWithNoPreviousOrder" classname="org.openmrs.api.OrderServiceTest" time="0.043"/>
  <testcase name="purgeOrderFrequency_shouldDeleteGivenOrderFrequency" classname="org.openmrs.api.OrderServiceTest" time="0.033"/>
  <testcase name="saveOrder_shouldFailIfTheCareSettingOfThePreviousOrderDoesNotMatch" classname="org.openmrs.api.OrderServiceTest" time="0.042"/>
  <testcase name="saveOrder_shouldFailIfTheExistingDrugOrderMatchesTheConceptAndNotDrugOfTheDCOrder" classname="org.openmrs.api.OrderServiceTest" time="0.045"/>
  <testcase name="shouldSetTheCorrectSortWeightWhenAddingAnOrderInOrderGroup" classname="org.openmrs.api.OrderServiceTest" time="0.08"/>
  <testcase name="saveOrder_shouldSetAutoExpireDateForReviseOrderWithSimpleDosingInstructions" classname="org.openmrs.api.OrderServiceTest" time="0.073"/>
</testsuite>