<?xml version="1.0" encoding="UTF-8"?>
<testsuite xmlns:xsi="http://www.w3.org/2001/XMLSchema-instance" xsi:noNamespaceSchemaLocation="https://maven.apache.org/surefire/maven-surefire-plugin/xsd/surefire-test-report.xsd" name="org.openmrs.api.ConceptServiceTest" time="851.241" tests="247" errors="0" skipped="1" failures="0">
  <properties>
[...]
</properties>
  <testcase name="getConceptSourceByUniqueId_shouldFailIfGivenNull" classname="org.openmrs.api.ConceptServiceTest" time="1.737"/>
  <testcase name="hasAnyConceptAttribute_shouldReturnTrueIfAnyConceptAttributeIsPresentForGivenConceptAttributeType" classname="org.openmrs.api.ConceptServiceTest" time="3.893"/>
  <testcase name="getConceptByName_shouldGetConceptByName" classname="org.openmrs.api.ConceptServiceTest" time="5.183"/>
  <testcase name="getConceptMapTypes_shouldNotIncludeHiddenConceptMapTypesIfIncludeHiddenIsSetToFalse" classname="org.openmrs.api.ConceptServiceTest" time="3.831"/>
  <testcase name="getDrugByUuid_shouldFindObjectGivenValidUuid" classname="org.openmrs.api.ConceptServiceTest" time="5.145"/>
  <testcase name="saveConcept_shouldSaveANewConceptNumeric" classname="org.openmrs.api.ConceptServiceTest" time="4.493"/>
  <testcase name="getConceptByName_shouldFindConceptsWithNamesInMoreSpecificLocales" classname="org.openmrs.api.ConceptServiceTest" time="4.712"/>
  <testcase name="getConcepts_shouldReturnASearchResultWhoseConceptNameContainsAllWordTokensAsFirst" classname="org.openmrs.api.ConceptServiceTest" time="5.882"/>
  <testcase name="getDefaultConceptMapType_shouldReturnTypeAsSetInGp" classname="org.openmrs.api.ConceptServiceTest" time="2.299"/>
  <testcase name="getConceptReferenceTermByName_shouldBeCaseInsensitive" classname="org.openmrs.api.ConceptServiceTest" time="2.152"/>
  <testcase name="getConceptNameTagByUuid_shouldReturnNullIfNoObjectFoundWithGivenUuid" classname="org.openmrs.api.ConceptServiceTest" time="2.523"/>
  <testcase name="saveConcept_shouldSaveAConceptNumericAsAConcept" classname="org.openmrs.api.ConceptServiceTest" time="5.702"/>
  <testcase name="saveConcept_shouldSetAuditInfoIfAnItemIsRemovedFromAnyOfItsChildCollections" classname="org.openmrs.api.ConceptServiceTest" time="6.801"/>
  <testcase name="getConceptSourceByHL7Code_shouldFailIfGivenNull" classname="org.openmrs.api.ConceptServiceTest" time="2.333"/>
  <testcase name="getConcepts_shouldReturnConceptSearchResultsThatContainAllSearchWordsAsFirst" classname="org.openmrs.api.ConceptServiceTest" time="4.505"/>
  <testcase name="getAllConcepts_shouldOrderByConceptIdDescendingWhenSetAscParameterToFalse" classname="org.openmrs.api.ConceptServiceTest" time="2.604"/>
  <testcase name="getConceptMapTypeByName_shouldReturnAConceptMapTypeMatchingTheSpecifiedName" classname="org.openmrs.api.ConceptServiceTest" time="2.119"/>
  <testcase name="saveConceptStopWord_shouldSaveConceptStopWordAssignDefaultLocaleIsItNull" classname="org.openmrs.api.ConceptServiceTest" time="2.266"/>
  <testcase name="conceptIterator_shouldIterateOverAllConcepts" classname="org.openmrs.api.ConceptServiceTest" time="2.587"/>
  <testcase name="getDefaultConceptMapType_shouldReturnSameAsByDefault" classname="org.openmrs.api.ConceptServiceTest" time="2.143"/>
  <testcase name="saveConceptSource_shouldNotSetDateCreatedIfOneIsSuppliedAlready" classname="org.openmrs.api.ConceptServiceTest" time="4.509"/>
  <testcase name="getConceptByName_shouldReturnNullGivenBlankString" classname="org.openmrs.api.ConceptServiceTest" time="3.519"/>
  <testcase name="getCountOfConceptReferenceTerms_shouldIncludeRetiredTermsIfIncludeRetiredIsSetToTrue" classname="org.openmrs.api.ConceptServiceTest" time="2.256"/>
  <testcase name="getConceptsByMapping_shouldReturnEmptyListIfNoMappingsExist" classname="org.openmrs.api.ConceptServiceTest" time="1.565"/>
  <testcase name="getConceptSetByUuid_shouldReturnNullIfNoObjectFoundWithGivenUuid" classname="org.openmrs.api.ConceptServiceTest" time="2.355"/>
  <testcase name="getConcepts_shouldNotReturnConceptsWithMatchingNamesThatAreVoided" classname="org.openmrs.api.ConceptServiceTest" time="2.21"/>
  <testcase name="getDrugByMapping_shouldReturnADrugThatMatchesTheCodeAndSource" classname="org.openmrs.api.ConceptServiceTest" time="5.88"/>
  <testcase name="getDrugs_shouldRejectANullSearchPhrase" classname="org.openmrs.api.ConceptServiceTest" time="2.289"/>
  <testcase name="mapConceptProposalToConcept_shouldAllowRejectingProposals" classname="org.openmrs.api.ConceptServiceTest" time="2.666"/>
  <testcase name="saveConcept_shouldSaveNonConceptComplexObjectAsConceptComplex" classname="org.openmrs.api.ConceptServiceTest" time="4.484"/>
  <testcase name="getFalseConcept_shouldReturnTheFalseConcept" classname="org.openmrs.api.ConceptServiceTest" time="4.354"/>
  <testcase name="getConcepts_shouldNotFailWithNullClassesAndDatatypes" classname="org.openmrs.api.ConceptServiceTest" time="2.218"/>
  <testcase name="getConceptSourceByUniqueId_shouldReturnNullIfNoConceptSourceWithGivenUniqueIdIsFound" classname="org.openmrs.api.ConceptServiceTest" time="3.849"/>
  <testcase name="getConcepts_shouldReturnConceptSearchResultsThatMatchUniqueConcepts" classname="org.openmrs.api.ConceptServiceTest" time="4.644"/>
  <testcase name="getConceptByMapping_shouldReturnNullIfNoMappingExists" classname="org.openmrs.api.ConceptServiceTest" time="2.205"/>
  <testcase name="getDrugByMapping_shouldReturnADrugThatMatchesTheCodeAndSourceAndTheBestMapType" classname="org.openmrs.api.ConceptServiceTest" time="4.78"/>
  <testcase name="getUnknownConcept_shouldReturnTheUnknownConcept" classname="org.openmrs.api.ConceptServiceTest" time="2.32"/>
  <testcase name="getAllConceptStopWords_shouldReturnEmptyListIfNoRecordFound" classname="org.openmrs.api.ConceptServiceTest" time="2.416"/>
  <testcase name="getDrugs_shouldGetDrugsLinkedToConceptsWithNamesThatMatchThePhraseAndRelatedLocales" classname="org.openmrs.api.ConceptServiceTest" time="4.607"/>
  <testcase name="getConceptByMapping_shouldReturnRetiredConceptIfOnlyMatch" classname="org.openmrs.api.ConceptServiceTest" time="2.892"/>
  <testcase name="saveConceptReferenceTerm_shouldUpdateChangesToTheConceptReferenceTermInTheDatabase" classname="org.openmrs.api.ConceptServiceTest" time="3.648"/>
  <testcase name="getConcepts_shouldPassWithAndOrNotWords" classname="org.openmrs.api.ConceptServiceTest" time="8.462"/>
  <testcase name="saveConcept_shouldEnsureThatEveryConcepNameLocaleHasExactlyOnePreferredName" classname="org.openmrs.api.ConceptServiceTest" time="1.597"/>
  <testcase name="getConceptsByClass_shouldReturnAnEmptyListIfNoneWasFound" classname="org.openmrs.api.ConceptServiceTest" time="2.299"/>
  <testcase name="getConceptSourceByName_shouldReturnNullIfNoConceptSourceWithThatNameIsFound" classname="org.openmrs.api.ConceptServiceTest" time="2.645"/>
  <testcase name="getConceptsByClass_shouldGetConceptsByClass" classname="org.openmrs.api.ConceptServiceTest" time="2.322"/>
  <testcase name="getDrugs_shouldIncludeRetiredDrugsIfIncludeRetiredIsSetToTrue" classname="org.openmrs.api.ConceptServiceTest" time="3.151"/>
  <testcase name="getConceptReferenceTerms_shouldReturnOnlyUnRetiredConceptReferenceTermsIfIncludeRetiredIsSetToFalse" classname="org.openmrs.api.ConceptServiceTest" time="1.346"/>
  <testcase name="getDrugsByMapping_shouldReturnRetiredAndNonretiredDrugsIfIncludeRetiredIsSetToTrue" classname="org.openmrs.api.ConceptServiceTest" time="3.365"/>
  <testcase name="mapConceptProposalToConcept_shouldNotSetValueCodedNameWhenAddConceptIsSelected" classname="org.openmrs.api.ConceptServiceTest" time="2.327"/>
  <testcase name="saveConcept_shouldNotFailWhenADuplicateNameIsEditedToAUniqueValue" classname="org.openmrs.api.ConceptServiceTest" time="4.608"/>
  <testcase name="saveConcept_shouldCreateAReferenceTermForAConceptMappingOnTheFlyWhenCreatingAConcept" classname="org.openmrs.api.ConceptServiceTest" time="2.563"/>
  <testcase name="retireConceptReferenceTerm_shouldRetireTheSpecifiedConceptReferenceTermWithTheGivenRetireReason" classname="org.openmrs.api.ConceptServiceTest" time="2.338"/>
  <testcase name="getConceptAttributeByUuid_shouldReturnNullIfNoConceptAttributeHasTheGivenUuid" classname="org.openmrs.api.ConceptServiceTest" time="4.708"/>
  <testcase name="getAllConcepts_shouldOrderByAConceptField" classname="org.openmrs.api.ConceptServiceTest" time="2.797"/>
  <testcase name="getDrugs_shouldGetDrugsLinkedToConceptsWithNamesThatMatchThePhraseAndLocale" classname="org.openmrs.api.ConceptServiceTest" time="4.68"/>
  <testcase name="getConceptsByMapping_shouldGetConceptsWithGivenCodeAndSourceName" classname="org.openmrs.api.ConceptServiceTest" time="2.42"/>
  <testcase name="getDrugsByMapping_shouldMatchOnTheMapTypes" classname="org.openmrs.api.ConceptServiceTest" time="3.408"/>
  <testcase name="unretireConceptMapType_shouldUnretireTheSpecifiedConceptMapTypeAndDropAllRetireRelatedFields" classname="org.openmrs.api.ConceptServiceTest" time="2.224"/>
  <testcase name="getConcepts_shouldIncludeRetiredConceptsInTheSearchResults" classname="org.openmrs.api.ConceptServiceTest" time="4.919"/>
  <testcase name="getConceptStopWords_shouldReturnDefaultLocaleConceptStopWordsIfLocaleIsNull" classname="org.openmrs.api.ConceptServiceTest" time="2.637"/>
  <testcase name="getCountOfConcepts_shouldReturnACountOfUniqueConcepts" classname="org.openmrs.api.ConceptServiceTest" time="4.603"/>
  <testcase name="getConceptSourceByHL7Code_shouldGetConceptSourceWithTheGivenUniqueId" classname="org.openmrs.api.ConceptServiceTest" time="1.096"/>
  <testcase name="saveConceptSource_shouldNotSetCreatorIfOneIsSuppliedAlready" classname="org.openmrs.api.ConceptServiceTest" time="1.572"/>
  <testcase name="getDrugByMapping_shouldFailIfSourceIsNull" classname="org.openmrs.api.ConceptServiceTest" time="2.043"/>
  <testcase name="getConceptByMapping_shouldReturnNullIfSourceCodeDoesNotExist" classname="org.openmrs.api.ConceptServiceTest" time="2.511"/>
  <testcase name="getDrugsByMapping_shouldExcludeDuplicateMatches" classname="org.openmrs.api.ConceptServiceTest" time="8.098"/>
  <testcase name="getConceptsByConceptSet_shouldReturnAllConceptsInSet" classname="org.openmrs.api.ConceptServiceTest" time="8.845"/>
  <testcase name="getConceptByMapping_shouldGetConceptWithGivenCodeAndSourceHl7Code" classname="org.openmrs.api.ConceptServiceTest" time="4.534"/>
  <testcase name="getConceptsByMapping_shouldReturnRetiredAndNonRetiredConceptsByDefault" classname="org.openmrs.api.ConceptServiceTest" time="3.742"/>
  <testcase name="getDrugIngredientByUuid_shouldFindObjectGivenValidUuid" classname="org.openmrs.api.ConceptServiceTest" time="1.76"/>
  <testcase name="getConceptByMapping_shouldNotReturnRetiredConcept" classname="org.openmrs.api.ConceptServiceTest" time="2.796"/>
  <testcase name="saveConcept_shouldUpdateConceptAlreadyExistingInDatabase" classname="org.openmrs.api.ConceptServiceTest" time="4.698"/>
  <testcase name="purgeConceptNameTag_shouldDeleteTheSpecifiedConceptNameTagFromTheDatabase" classname="org.openmrs.api.ConceptServiceTest" time="4.246"/>
  <testcase name="getConceptAnswerByUuid_shouldFindObjectGivenValidUuid" classname="org.openmrs.api.ConceptServiceTest" time="2.263"/>
  <testcase name="getConceptDatatypeByUuid_shouldReturnNullIfNoObjectFoundWithGivenUuid" classname="org.openmrs.api.ConceptServiceTest" time="2.297"/>
  <testcase name="getConcepts_shouldReturnPreferredNamesHigher" classname="org.openmrs.api.ConceptServiceTest" time="7.056"/>
  <testcase name="getConceptStopWords_shouldReturnListOfConceptStopWordsForGivenLocale" classname="org.openmrs.api.ConceptServiceTest" time="4.001"/>
  <testcase name="getDrugsByMapping_shouldMatchOnTheConceptSource" classname="org.openmrs.api.ConceptServiceTest" time="4.889"/>
  <testcase name="getCountOfConceptReferenceTerms_shouldNotIncludeRetiredTermsIfIncludeRetiredIsSetToFalse" classname="org.openmrs.api.ConceptServiceTest" time="2.494"/>
  <testcase name="getConceptSourceByUuid_shouldFindObjectGivenValidUuid" classname="org.openmrs.api.ConceptServiceTest" time="2.248"/>
  <testcase name="saveConceptReferenceTerm_shouldAddAConceptReferenceTermToTheDatabaseAndAssignAnIdToIt" classname="org.openmrs.api.ConceptServiceTest" time="2.506"/>
  <testcase name="getConcepts_shouldFindConceptByFullCode" classname="org.openmrs.api.ConceptServiceTest" time="2.44"/>
  <testcase name="getConceptAttributeType_shouldReturnTheConceptAttributeTypeWithTheGivenId" classname="org.openmrs.api.ConceptServiceTest" time="4.619"/>
  <testcase name="getConceptAnswerByUuid_shouldReturnNullIfNoObjectFoundWithGivenUuid" classname="org.openmrs.api.ConceptServiceTest" time="2.303"/>
  <testcase name="getConceptProposalByUuid_shouldReturnNullIfNoObjectFoundWithGivenUuid" classname="org.openmrs.api.ConceptServiceTest" time="2.984"/>
  <testcase name="saveConcept_shouldNotSetAuditInfoIfTheConceptIsNotEdited" classname="org.openmrs.api.ConceptServiceTest" time="0">
    <skipped message="public void org.openmrs.api.ConceptServiceTest.saveConcept_shouldNotSetAuditInfoIfTheConceptIsNotEdited() is @Disabled"/>
  </testcase>
  <testcase name="getDrugs_shouldReturnAllDrugsWithAMatchingTermCodeOrDrugNameOrConceptName" classname="org.openmrs.api.ConceptServiceTest" time="7.727"/>
  <testcase name="saveConceptNameTag_shouldSaveATagIfItIsSupplied" classname="org.openmrs.api.ConceptServiceTest" time="2.327"/>
  <testcase name="getConceptByName_shouldGetConceptByPartialName" classname="org.openmrs.api.ConceptServiceTest" time="5.638"/>
  <testcase name="getConceptReferenceTerms_shouldReturnOnlyTheConceptReferenceTermsFromTheGivenConceptSource" classname="org.openmrs.api.ConceptServiceTest" time="2.498"/>
  <testcase name="saveConcept_shouldAlwaysReturnAPreferredNameForEveryLocaleThatHasAtleastOneUnvoidedName" classname="org.openmrs.api.ConceptServiceTest" time="1.809"/>
  <testcase name="getDrugs_shouldGetDrugsLinkedToConceptsWithNamesThatMatchThePhrase" classname="org.openmrs.api.ConceptServiceTest" time="1.806"/>
  <testcase name="saveConceptStopWord_shouldSaveConceptStopWordIntoDatabase" classname="org.openmrs.api.ConceptServiceTest" time="2.079"/>
  <testcase name="getDrugs_shouldGetDrugsWithNamesMatchingTheSearchPhrase" classname="org.openmrs.api.ConceptServiceTest" time="1.405"/>
  <testcase name="getConceptNameByUuid_shouldReturnNullIfNoObjectFoundWithGivenUuid" classname="org.openmrs.api.ConceptServiceTest" time="1.517"/>
  <testcase name="getConceptSourceByUuid_shouldReturnNullIfNoObjectFoundWithGivenUuid" classname="org.openmrs.api.ConceptServiceTest" time="2.037"/>
  <testcase name="hasAnyConceptAttribute_shouldReturnFalseIfNoConceptAttributeFoundForGivenConceptAttributeType" classname="org.openmrs.api.ConceptServiceTest" time="6.414"/>
  <testcase name="getDrugsByIngredient_shouldReturnDrugsMatchedByDrugConcept" classname="org.openmrs.api.ConceptServiceTest" time="8.499"/>
  <testcase name="getConceptByUuid_shouldReturnNullIfNoObjectFoundWithGivenUuid" classname="org.openmrs.api.ConceptServiceTest" time="2.159"/>
  <testcase name="getConceptMapTypeByUuid_shouldReturnAConceptMapTypeMatchingTheSpecifiedUuid" classname="org.openmrs.api.ConceptServiceTest" time="1.86"/>
  <testcase name="getConcept_shouldReturnNullGivenNullParameter" classname="org.openmrs.api.ConceptServiceTest" time="2.864"/>
  <testcase name="saveConceptSource_shouldSaveAConceptSourceWithANullHl7Code" classname="org.openmrs.api.ConceptServiceTest" time="2.276"/>
  <testcase name="getConceptMapTypeByName_shouldBeCaseInsensitive" classname="org.openmrs.api.ConceptServiceTest" time="1.886"/>
  <testcase name="getDrugs_shouldNotFailIfThereisNoDrugByGivenDrugId" classname="org.openmrs.api.ConceptServiceTest" time="2.344"/>
  <testcase name="getDrugsByIngredient_shouldReturnDrugsMatchedByIntermediateConcept" classname="org.openmrs.api.ConceptServiceTest" time="1.692"/>
  <testcase name="getDrugs_shouldReturnDrugsThatAreNotRetired" classname="org.openmrs.api.ConceptServiceTest" time="1.895"/>
  <testcase name="retireConceptAttributeType_shouldRetireAConceptAttributeType" classname="org.openmrs.api.ConceptServiceTest" time="6.684"/>
  <testcase name="getDrugByMapping_shouldFailIfNoCodeAndConceptSourceAndWithAnyOfTheseTypesAreProvided" classname="org.openmrs.api.ConceptServiceTest" time="3.947"/>
  <testcase name="unretireConceptAttributeType_shouldUnretireARetiredConceptAttributeType" classname="org.openmrs.api.ConceptServiceTest" time="5.3"/>
  <testcase name="getConceptDatatypeByName_shouldNotReturnAFuzzyMatchOnName" classname="org.openmrs.api.ConceptServiceTest" time="5.754"/>
  <testcase name="getConcepts_shouldReturnConceptSearchResultsThatMatchUniqueConceptsEvenIfDifferentMatchingWords" classname="org.openmrs.api.ConceptServiceTest" time="4.551"/>
  <testcase name="conceptIterator_shouldStartWithTheSmallestConceptId" classname="org.openmrs.api.ConceptServiceTest" time="2.397"/>
  <testcase name="getConceptMapTypes_shouldReturnOnlyUnRetiredConceptMapTypesIfIncludeRetiredIsSetToFalse" classname="org.openmrs.api.ConceptServiceTest" time="2.176"/>
  <testcase name="getConcepts_shouldReturnASearchResultForPhraseWithStopWords" classname="org.openmrs.api.ConceptServiceTest" time="6.854"/>
  <testcase name="changeConceptFromBooleanToCoded_shouldFailIfTheDatatypeOfTheConceptIsNotBoolean" classname="org.openmrs.api.ConceptServiceTest" time="3.178"/>
  <testcase name="saveConcept_shouldSetAuditInfoIfAnItemIsAddedToAnyOfItsChildCollections" classname="org.openmrs.api.ConceptServiceTest" time="2.977"/>
  <testcase name="saveConcept_shouldSetAPreferredNameForEachLocaleIfNoneIsMarked" classname="org.openmrs.api.ConceptServiceTest" time="2.386"/>
  <testcase name="saveConceptMapType_shouldAddTheSpecifiedConceptMapTypeToTheDatabaseAndAssignToItAnId" classname="org.openmrs.api.ConceptServiceTest" time="2.437"/>
  <testcase name="getConceptNumericByUuid_shouldFindObjectGivenValidUuid" classname="org.openmrs.api.ConceptServiceTest" time="2.223"/>
  <testcase name="purgeConceptAttributeType_shouldCompletelyRemoveAConceptAttributeType" classname="org.openmrs.api.ConceptServiceTest" time="4.739"/>
  <testcase name="getConceptReferenceTerms_shouldReturnUniqueTermsWithACodeOrNameContainingTheSearchPhrase" classname="org.openmrs.api.ConceptServiceTest" time="2.418"/>
  <testcase name="changeConceptFromBooleanToCoded_shouldExplicitlyAddTrueConceptAsAValue_CodedAnswer" classname="org.openmrs.api.ConceptServiceTest" time="2.401"/>
  <testcase name="mapConceptProposalToConcept_shouldFailWhenAddingADuplicateSyonymn" classname="org.openmrs.api.ConceptServiceTest" time="4.062"/>
  <testcase name="saveConcept_shouldGenerateIdForNewConceptIfNoneIsSpecified" classname="org.openmrs.api.ConceptServiceTest" time="4.794"/>
  <testcase name="purgeConceptMapType_shouldDeleteTheSpecifiedConceptMapTypeFromTheDatabase" classname="org.openmrs.api.ConceptServiceTest" time="3.362"/>
  <testcase name="changeConceptFromBooleanToCoded_shouldConvertTheDatatypeOfABooleanConceptToCoded" classname="org.openmrs.api.ConceptServiceTest" time="2.522"/>
  <testcase name="getAllConcepts_shouldOrderByConceptIdAndIncludeRetiredWhenGivenNoParameters" classname="org.openmrs.api.ConceptServiceTest" time="2.298"/>
  <testcase name="getTrue_shouldReturnTheTrueConcept" classname="org.openmrs.api.ConceptServiceTest" time="2.423"/>
  <testcase name="saveConcept_shouldAddNewConceptName" classname="org.openmrs.api.ConceptServiceTest" time="2.602"/>
  <testcase name="getAllConcepts_shouldExcludeRetiredConceptsWhenSetIncludeRetiredToFalse" classname="org.openmrs.api.ConceptServiceTest" time="2.341"/>
  <testcase name="getConceptByUuid_shouldFindObjectGivenValidUuid" classname="org.openmrs.api.ConceptServiceTest" time="2.168"/>
  <testcase name="saveConcept_shouldCreateAReferenceTermForAConceptMappingOnTheFlyWhenEditingAConcept" classname="org.openmrs.api.ConceptServiceTest" time="2.342"/>
  <testcase name="saveConcept_shouldVoidTheConceptNameIfTheTextOfTheNameHasChanged" classname="org.openmrs.api.ConceptServiceTest" time="2.301"/>
  <testcase name="deleteConceptStopWord_shouldDeleteTheGivenConceptStopWord" classname="org.openmrs.api.ConceptServiceTest" time="1.94"/>
  <testcase name="retireConceptMapType_shouldShouldSetTheDefaultRetireReasonIfNoneIsGiven" classname="org.openmrs.api.ConceptServiceTest" time="3.405"/>
  <testcase name="getTrueConcept_shouldReturnTheTrueConcept" classname="org.openmrs.api.ConceptServiceTest" time="3.757"/>
  <testcase name="getDrugByUuid_shouldReturnNullIfNoObjectFoundWithGivenUuid" classname="org.openmrs.api.ConceptServiceTest" time="4.498"/>
  <testcase name="shouldFetchDescriptionsForConceptsThatWereFirstFetchedAsNumerics" classname="org.openmrs.api.ConceptServiceTest" time="5.262"/>
  <testcase name="saveConcept_shouldCreateANewConceptNameWhenTheOldNameIsChanged" classname="org.openmrs.api.ConceptServiceTest" time="2.134"/>
  <testcase name="saveConcept_shouldKeepIdForNewConceptIfOneIsSpecified" classname="org.openmrs.api.ConceptServiceTest" time="2.383"/>
  <testcase name="getConceptsByName_shouldReturnConceptsForSpecificCountryAndGlobalLanguageGivenLanguageAndCountryLocale" classname="org.openmrs.api.ConceptServiceTest" time="3.427"/>
  <testcase name="retireConceptSource_shouldRetireConceptSource" classname="org.openmrs.api.ConceptServiceTest" time="2.009"/>
  <testcase name="saveConceptAttributeType_shouldCreateANewConceptAttributeType" classname="org.openmrs.api.ConceptServiceTest" time="4.512"/>
  <testcase name="getFalse_shouldReturnTheFalseConcept" classname="org.openmrs.api.ConceptServiceTest" time="2.18"/>
  <testcase name="retireConceptReferenceTerm_shouldShouldSetTheDefaultRetireReasonIfNoneIsGiven" classname="org.openmrs.api.ConceptServiceTest" time="4.773"/>
  <testcase name="getConceptReferenceTermByCode_shouldReturnAConceptReferenceTermThatMatchesTheGivenCodeFromTheGivenSource" classname="org.openmrs.api.ConceptServiceTest" time="3.898"/>
  <testcase name="getConceptsByConceptSource_shouldReturnEmptyListOfConceptMapsIfNoneFound" classname="org.openmrs.api.ConceptServiceTest" time="2.723"/>
  <testcase name="getConceptSourceByName_shouldGetConceptSourceWithTheGivenName" classname="org.openmrs.api.ConceptServiceTest" time="2.301"/>
  <testcase name="changeConceptFromBooleanToCoded_shouldExplicitlyAddFalseConceptAsAValue_CodedAnswer" classname="org.openmrs.api.ConceptServiceTest" time="2.646"/>
  <testcase name="getConceptSourceByUniqueId_shouldReturnNullIfGivenAnEmptyString" classname="org.openmrs.api.ConceptServiceTest" time="2.283"/>
  <testcase name="getConceptDatatypeByUuid_shouldFindObjectGivenValidUuid" classname="org.openmrs.api.ConceptServiceTest" time="2.334"/>
  <testcase name="getConceptNameTagByUuid_shouldFindObjectGivenValidUuid" classname="org.openmrs.api.ConceptServiceTest" time="2.32"/>
  <testcase name="getDrugs_shouldGetDrugsThatHaveMappingsWithReferenceTermCodesThatMatchThePhrase" classname="org.openmrs.api.ConceptServiceTest" time="4.255"/>
  <testcase name="saveConceptStopWord_shouldSaveConceptStopWordInUppercase" classname="org.openmrs.api.ConceptServiceTest" time="2.15"/>
  <testcase name="getConceptAttributeByUuid_shouldGetTheConceptAttributeWithTheGivenUuid" classname="org.openmrs.api.ConceptServiceTest" time="7.299"/>
  <testcase name="getConceptAttributeTypeByUuid_shouldReturnNullIfNoConceptAttributeTypeExistsWithTheGivenUuid" classname="org.openmrs.api.ConceptServiceTest" time="7.165"/>
  <testcase name="saveConcept_shouldPassWhenSavingAConceptAfterRemovingAName" classname="org.openmrs.api.ConceptServiceTest" time="5.018"/>
  <testcase name="getConceptAttributeTypeByUuid_shouldReturnTheConceptAttributeTypeWithTheGivenUuid" classname="org.openmrs.api.ConceptServiceTest" time="5.686"/>
  <testcase name="getConceptComplex_shouldReturnAConceptComplexObject" classname="org.openmrs.api.ConceptServiceTest" time="5.163"/>
  <testcase name="getDrugsByMapping_shouldFailIfNoCodeAndConceptSourceAndWithAnyOfTheseTypesAreProvided" classname="org.openmrs.api.ConceptServiceTest" time="3.396"/>
  <testcase name="getCountOfConcepts_shouldNotFailWithNullClassesAndDatatypes" classname="org.openmrs.api.ConceptServiceTest" time="2.423"/>
  <testcase name="saveConceptNameTag_shouldNotSaveATagIfItIsInvalid" classname="org.openmrs.api.ConceptServiceTest" time="4.78"/>
  <testcase name="getConceptsByMapping_shouldReturnEmptyListIfSourceCodeDoesNotExist" classname="org.openmrs.api.ConceptServiceTest" time="8.438"/>
  <testcase name="saveConceptMapType_shouldUpdateAnExistingConceptMapType" classname="org.openmrs.api.ConceptServiceTest" time="2.099"/>
  <testcase name="getConceptByMapping_shouldThrowExceptionIfTwoConceptsHaveSameMapping" classname="org.openmrs.api.ConceptServiceTest" time="2.317"/>
  <testcase name="getDrugsByMapping_shouldReturnEmptyListIfNoMatchesAreFound" classname="org.openmrs.api.ConceptServiceTest" time="4.426"/>
  <testcase name="saveConceptNameTag_shouldSaveAConceptNameTagIfATagDoesNotExist" classname="org.openmrs.api.ConceptServiceTest" time="5.729"/>
  <testcase name="getConceptByName_shouldFindConceptsWithNamesInSameSpecificLocale" classname="org.openmrs.api.ConceptServiceTest" time="4.456"/>
  <testcase name="saveConceptStopWord_shouldSaveReturnConceptStopWordWithId" classname="org.openmrs.api.ConceptServiceTest" time="4.529"/>
  <testcase name="getConceptDescriptionByUuid_shouldReturnNullIfNoObjectFoundWithGivenUuid" classname="org.openmrs.api.ConceptServiceTest" time="3.534"/>
  <testcase name="getDrugs_shouldNotReturnDrugsThatAreRetired" classname="org.openmrs.api.ConceptServiceTest" time="3.108"/>
  <testcase name="getConceptsByConceptSource_shouldReturnAListOfConceptMapsIfConceptMappingsFound" classname="org.openmrs.api.ConceptServiceTest" time="2.294"/>
  <testcase name="getConceptAttributeType_shouldReturnNullIfNoConceptAttributeTypeExistsWithTheGivenId" classname="org.openmrs.api.ConceptServiceTest" time="4.233"/>
  <testcase name="getConcepts_shouldExcludeSpecifiedClassesFromTheSearchResults" classname="org.openmrs.api.ConceptServiceTest" time="3.98"/>
  <testcase name="mapConceptProposalToConcept_shouldSetValueCodedNameWhenAddSynonymIsSelected" classname="org.openmrs.api.ConceptServiceTest" time="2.343"/>
  <testcase name="getConceptIdsByMapping_shouldPopulateCache" classname="org.openmrs.api.ConceptServiceTest" time="2.576"/>
  <testcase name="unretireConceptReferenceTerm_shouldUnretireTheSpecifiedConceptReferenceTermAndDropAllRetireRelatedFields" classname="org.openmrs.api.ConceptServiceTest" time="2.244"/>
  <testcase name="getConceptReferenceTermByUuid_shouldReturnTheConceptReferenceTermThatMatchesTheGivenUuid" classname="org.openmrs.api.ConceptServiceTest" time="2.442"/>
  <testcase name="saveConceptNameTag_shouldSaveAnEditedNameTag" classname="org.openmrs.api.ConceptServiceTest" time="3.565"/>
  <testcase name="getConceptDescriptionByUuid_shouldFindObjectGivenValidUuid" classname="org.openmrs.api.ConceptServiceTest" time="3.329"/>
  <testcase name="saveConcept_shouldSaveNonConceptNumericObjectAsConceptNumeric" classname="org.openmrs.api.ConceptServiceTest" time="6.813"/>
  <testcase name="getDrugsByMapping_shouldGetAListOfAllDrugsThatMatchOnAllTheParameterValues" classname="org.openmrs.api.ConceptServiceTest" time="4.59"/>
  <testcase name="getDrugsByMapping_shouldFailIfSourceIsNull" classname="org.openmrs.api.ConceptServiceTest" time="2.241"/>
  <testcase name="saveConcept_shouldSetAuditInfoIfAnyItemInTheChildCollectionsIsEdited" classname="org.openmrs.api.ConceptServiceTest" time="2.142"/>
  <testcase name="getConceptAttributeTypes_shouldGetConceptAttributeByExactName" classname="org.openmrs.api.ConceptServiceTest" time="4.583"/>
  <testcase name="getConceptsByMapping_shouldSortNonRetiredConceptsFirst" classname="org.openmrs.api.ConceptServiceTest" time="2.244"/>
  <testcase name="getConceptNumericByUuid_shouldReturnNullIfNoObjectFoundWithGivenUuid" classname="org.openmrs.api.ConceptServiceTest" time="2.535"/>
  <testcase name="getConceptsByMapping_shouldGetConceptsWithGivenCodeAndSourceH17Code" classname="org.openmrs.api.ConceptServiceTest" time="5.606"/>
  <testcase name="shouldEvictConceptIdsIfSourceOrTermsAreUpdated" classname="org.openmrs.api.ConceptServiceTest" time="5.453"/>
  <testcase name="retireConceptMapType_shouldRetireTheSpecifiedConceptMapTypeWithTheGivenRetireReason" classname="org.openmrs.api.ConceptServiceTest" time="3.581"/>
  <testcase name="saveConcept_shouldSaveChangesBetweenConceptNumericAndComplex" classname="org.openmrs.api.ConceptServiceTest" time="4.506"/>
  <testcase name="getConceptsByMapping_shouldReturnRetiredAndNonRetiredConcepts" classname="org.openmrs.api.ConceptServiceTest" time="2.38"/>
  <testcase name="getConceptByMapping_shouldGetConceptWithGivenCodeAndSourceName" classname="org.openmrs.api.ConceptServiceTest" time="2.125"/>
  <testcase name="getDrugIngredientByUuid_shouldReturnNullIfNoObjectFoundWithGivenUuid" classname="org.openmrs.api.ConceptServiceTest" time="1.935"/>
  <testcase name="saveConcept_shouldCreateNewConceptInDatabase" classname="org.openmrs.api.ConceptServiceTest" time="5.134"/>
  <testcase name="saveConceptStopWord_shouldFailIfADuplicateConceptStopWordInALocaleIsAdded" classname="org.openmrs.api.ConceptServiceTest" time="1.906"/>
  <testcase name="getOrderableConcepts_shouldGetOrderableConcepts" classname="org.openmrs.api.ConceptServiceTest" time="6.74"/>
  <testcase name="getConceptReferenceTermByName_shouldReturnAConceptReferenceTermThatMatchesTheGivenNameFromTheGivenSource" classname="org.openmrs.api.ConceptServiceTest" time="3.636"/>
  <testcase name="getConcepts_shouldReturnEmptyListIfNoConceptWithinSpecifiedClassesWasFound" classname="org.openmrs.api.ConceptServiceTest" time="4.441"/>
  <testcase name="saveConceptNameTag_shouldNotSaveAConceptNameTagIfTagExists" classname="org.openmrs.api.ConceptServiceTest" time="2.404"/>
  <testcase name="getConceptSourceByHL7Code_shouldReturnNullIfNoConceptSourceWithGivenUniqueIdIsFound" classname="org.openmrs.api.ConceptServiceTest" time="2.262"/>
  <testcase name="getDrugs_shouldReturnDrugsByDrugConceptId" classname="org.openmrs.api.ConceptServiceTest" time="2.159"/>
  <testcase name="getConceptByMapping_shouldReturnRetiredConceptByDefaultIfOnlyMatch" classname="org.openmrs.api.ConceptServiceTest" time="3.976"/>
  <testcase name="getDrugs_shouldReturnDrugsByDrugId" classname="org.openmrs.api.ConceptServiceTest" time="2.59"/>
  <testcase name="getAllConcepts_shouldOrderByAConceptNameField" classname="org.openmrs.api.ConceptServiceTest" time="2.27"/>
  <testcase name="getConceptClassByUuid_shouldFindObjectGivenValidUuid" classname="org.openmrs.api.ConceptServiceTest" time="4.703"/>
  <testcase name="saveConceptSource_shouldNotSaveAConceptSourceIfVoidedIsNull" classname="org.openmrs.api.ConceptServiceTest" time="2.697"/>
  <testcase name="getDrugsByIngredient_shouldReturnEmptyListIfNothingFound" classname="org.openmrs.api.ConceptServiceTest" time="4.45"/>
  <testcase name="getConceptMapTypes_shouldReturnSortedList" classname="org.openmrs.api.ConceptServiceTest" time="1.739"/>
  <testcase name="getAllConceptAttributeTypes_shouldReturnAllConceptAttributeTypesIncludingRetiredOnes" classname="org.openmrs.api.ConceptServiceTest" time="3.438"/>
  <testcase name="getConceptProposalByUuid_shouldFindObjectGivenValidUuid" classname="org.openmrs.api.ConceptServiceTest" time="1.667"/>
  <testcase name="getConceptStopWords_shouldReturnEmptyListIfNoConceptStopWordsForGivenLocale" classname="org.openmrs.api.ConceptServiceTest" time="1.38"/>
  <testcase name="getConceptSourceByUniqueId_shouldGetConceptSourceWithTheGivenUniqueId" classname="org.openmrs.api.ConceptServiceTest" time="2.127"/>
  <testcase name="getAllConceptStopWords_shouldReturnAllConceptStopWords" classname="org.openmrs.api.ConceptServiceTest" time="2.45"/>
  <testcase name="getAllConceptReferenceTerms_shouldReturnAllConceptReferenceTermsInTheDatabase" classname="org.openmrs.api.ConceptServiceTest" time="2.506"/>
  <testcase name="getConceptByName_shouldReturnNullGivenNullParameter" classname="org.openmrs.api.ConceptServiceTest" time="2.24"/>
  <testcase name="getConceptsByName_shouldReturnConceptsForAllCountriesAndGlobalLanguageGivenLanguageOnlyLocale" classname="org.openmrs.api.ConceptServiceTest" time="7.194"/>
  <testcase name="getConceptByName_shouldFindConceptsWithNamesInMoreGenericLocales" classname="org.openmrs.api.ConceptServiceTest" time="7.028"/>
  <testcase name="purgeConcept_shouldFailIfAnyOfTheConceptNamesOfTheConceptIsBeingUsedByAnObs" classname="org.openmrs.api.ConceptServiceTest" time="2.189"/>
  <testcase name="saveConcept_shouldNotUpdateConceptDataTypeIfConceptIsAttachedToAnObservation" classname="org.openmrs.api.ConceptServiceTest" time="4.51"/>
  <testcase name="getConceptMapTypes_shouldReturnAllTheConceptMapTypesIfIncludeRetiredAndHiddenAreSetToTrue" classname="org.openmrs.api.ConceptServiceTest" time="2.401"/>
  <testcase name="getConceptByMapping_shouldIgnoreCase" classname="org.openmrs.api.ConceptServiceTest" time="1.027"/>
  <testcase name="getConceptsByAnswer_shouldFindAnswersForConcept" classname="org.openmrs.api.ConceptServiceTest" time="1.755"/>
  <testcase name="getActiveConceptMapTypes_shouldReturnAllTheConceptMapTypesExcludingHiddenOnes" classname="org.openmrs.api.ConceptServiceTest" time="1.897"/>
  <testcase name="getDrugsByMapping_shouldMatchOnTheCode" classname="org.openmrs.api.ConceptServiceTest" time="4.848"/>
  <testcase name="getConceptNameByUuid_shouldFindObjectGivenValidUuid" classname="org.openmrs.api.ConceptServiceTest" time="2.784"/>
  <testcase name="getConceptDatatypeByName_shouldReturnAnExactMatchOnName" classname="org.openmrs.api.ConceptServiceTest" time="4.474"/>
  <testcase name="getConceptSetByUuid_shouldFindObjectGivenValidUuid" classname="org.openmrs.api.ConceptServiceTest" time="2.766"/>
  <testcase name="getConceptAttributeTypes_shouldSearchConceptAttributesByName" classname="org.openmrs.api.ConceptServiceTest" time="4.519"/>
  <testcase name="saveConcept_shouldUpdateConceptIfConceptIsAttachedToAnObservationAndItIsANonDatatypeChange" classname="org.openmrs.api.ConceptServiceTest" time="4.57"/>
  <testcase name="getConceptMappingsToSource_shouldReturnAListOfConceptMapsFromTheGivenSource" classname="org.openmrs.api.ConceptServiceTest" time="2.186"/>
  <testcase name="getDrugByMapping_shouldFailIfMultipleDrugsAreFoundMatchingTheBestMapType" classname="org.openmrs.api.ConceptServiceTest" time="4.547"/>
  <testcase name="mapConceptProposalToConcept_shouldNotRequireMappedConceptOnRejectAction" classname="org.openmrs.api.ConceptServiceTest" time="2.4"/>
  <testcase name="shouldFetchNamesForConceptsThatWereFirstFetchedAsNumerics" classname="org.openmrs.api.ConceptServiceTest" time="2.544"/>
  <testcase name="getConceptSourceByHL7Code_shouldReturnNullIfGivenAnEmptyString" classname="org.openmrs.api.ConceptServiceTest" time="2.558"/>
  <testcase name="getConceptReferenceTerms_shouldReturnAllTheConceptReferenceTermsIfIncludeRetiredIsSetToTrue" classname="org.openmrs.api.ConceptServiceTest" time="2.371"/>
  <testcase name="saveConcept_shouldReuseConceptNameTagsThatAlreadyExistInTheDatabase" classname="org.openmrs.api.ConceptServiceTest" time="5.019"/>
  <testcase name="getTrueConcept_shouldReturnProperTrueConcept" classname="org.openmrs.api.ConceptServiceTest" time="2.314"/>
  <testcase name="getFalseConcept_shouldReturnProperFalseConcept" classname="org.openmrs.api.ConceptServiceTest" time="2.235"/>
  <testcase name="getDrugByMapping_shouldReturnNullIfNoMatchFound" classname="org.openmrs.api.ConceptServiceTest" time="6.887"/>
  <testcase name="saveConcept_shouldNotAcceptALocaleThatIsNeitherAmongTheLocaleAllowedListNorADefaultLocale" classname="org.openmrs.api.ConceptServiceTest" time="5.361"/>
  <testcase name="getConceptsByMapping_shouldOnlyReturnNonRetiredConcepts" classname="org.openmrs.api.ConceptServiceTest" time="2.398"/>
  <testcase name="getReferenceTermMappingsTo_shouldReturnAllConceptReferenceTermMapsWhereTheSpecifiedTermIsTheTermB" classname="org.openmrs.api.ConceptServiceTest" time="2.615"/>
  <testcase name="getConcepts_shouldReturnConceptsWithSpecifiedClasses" classname="org.openmrs.api.ConceptServiceTest" time="7.868"/>
  <testcase name="getDrugs_shouldReturnUniqueDrugs" classname="org.openmrs.api.ConceptServiceTest" time="4.431"/>
  <testcase name="getConceptClassByUuid_shouldReturnNullIfNoObjectFoundWithGivenUuid" classname="org.openmrs.api.ConceptServiceTest" time="3.454"/>
</testsuite>