<?xml version="1.0" encoding="UTF-8"?>
<testsuite xmlns:xsi="http://www.w3.org/2001/XMLSchema-instance" xsi:noNamespaceSchemaLocation="https://maven.apache.org/surefire/maven-surefire-plugin/xsd/surefire-test-report.xsd" name="org.openmrs.api.db.PatientDAOTest" time="549.281" tests="159" errors="0" skipped="1" failures="0">
  <properties>
[...]
</properties>
  <testcase name="getPatients_shouldGetPatientByWholeNameMadeUpOfShortNames_SignatureNo1" classname="org.openmrs.api.db.PatientDAOTest" time="3.314"/>
  <testcase name="getPatients_shouldGetPatientByWholeNameMadeUpOfShortNames_SignatureNo2" classname="org.openmrs.api.db.PatientDAOTest" time="2.238"/>
  <testcase name="getDuplicatePatients_shouldGetDuplicatesWithBirthDate" classname="org.openmrs.api.db.PatientDAOTest" time="2.62"/>
  <testcase name="getPatients_shouldGetOnePatientByRandomCaseAttribute_SignatureNo2" classname="org.openmrs.api.db.PatientDAOTest" time="2.293"/>
  <testcase name="getPatients_shouldNotGetPatientsByMultipleAttributes_SignatureNo2" classname="org.openmrs.api.db.PatientDAOTest" time="2.461"/>
  <testcase name="getCountOfPatients_shouldCountZeroPatientsWhenNameAndIdentifierAndListOfIdentifierTypesAreEmpty_SignatureNo1" classname="org.openmrs.api.db.PatientDAOTest" time="2.417"/>
  <testcase name="getPatients_shouldGetPatientsWithMatchModeAnywhere_SignatureNo1" classname="org.openmrs.api.db.PatientDAOTest" time="2.363"/>
  <testcase name="getPatients_shouldGetPatientsWithMatchModeAnywhere_SignatureNo2" classname="org.openmrs.api.db.PatientDAOTest" time="2.416"/>
  <testcase name="getPatients_shouldGetNoPatientByNonexistingAttribute_SignatureNo2" classname="org.openmrs.api.db.PatientDAOTest" time="4.194"/>
  <testcase name="getCountOfPatients_shouldCountMultiplePatients_SignatureNo1" classname="org.openmrs.api.db.PatientDAOTest" time="3.091"/>
  <testcase name="getCountOfPatients_shouldCountMultiplePatients_SignatureNo2" classname="org.openmrs.api.db.PatientDAOTest" time="5.69"/>
  <testcase name="getPatients_shouldNotGetPatientByNonexistingSingleShortName_SignatureNo1" classname="org.openmrs.api.db.PatientDAOTest" time="2.557"/>
  <testcase name="getPatients_shouldNotGetPatientByNonexistingSingleShortName_SignatureNo2" classname="org.openmrs.api.db.PatientDAOTest" time="2.508"/>
  <testcase name="getCountOfPatients_shouldNotCountVoidedPatients_SignatureNo1" classname="org.openmrs.api.db.PatientDAOTest" time="2.425"/>
  <testcase name="getCountOfPatients_shouldNotCountVoidedPatients_SignatureNo2" classname="org.openmrs.api.db.PatientDAOTest" time="2.672"/>
  <testcase name="getAllPatientIdentifierTypes_shouldNotReturnNullExcludingRetired" classname="org.openmrs.api.db.PatientDAOTest" time="2.662"/>
  <testcase name="getPatientIdentifiers_shouldNotFetchPatientIdentifiersThatPartiallyMatchesGivenIdentifier" classname="org.openmrs.api.db.PatientDAOTest" time="2.732"/>
  <testcase name="getPatients_shouldNotGetPatientByNonexistingIdentifier_SignatureNo1" classname="org.openmrs.api.db.PatientDAOTest" time="2.371"/>
  <testcase name="getPatients_shouldNotGetPatientByNonexistingIdentifier_SignatureNo2" classname="org.openmrs.api.db.PatientDAOTest" time="4.695"/>
  <testcase name="getAllPatientIdentifierTypes_shouldNotReturnNullIncludingRetired" classname="org.openmrs.api.db.PatientDAOTest" time="2.444"/>
  <testcase name="getCountOfPatients_shouldCountZeroPatientsWhenQueryIsNull_SignatureNo2" classname="org.openmrs.api.db.PatientDAOTest" time="7.951"/>
  <testcase name="getPatients_shouldGetPatientsByMultipleShortNameParts_SignatureNo1" classname="org.openmrs.api.db.PatientDAOTest" time="2.387"/>
  <testcase name="getPatients_shouldGetPatientsByMultipleShortNameParts_SignatureNo2" classname="org.openmrs.api.db.PatientDAOTest" time="2.377"/>
  <testcase name="getPatients_shouldNotGetPatientByNullIdentifier_SignatureNo1" classname="org.openmrs.api.db.PatientDAOTest" time="1.48"/>
  <testcase name="getCountOfPatients_shouldObeyAttributeMatchMode" classname="org.openmrs.api.db.PatientDAOTest" time="2.247"/>
  <testcase name="getPatients_shouldReturnExactMatchFirst" classname="org.openmrs.api.db.PatientDAOTest" time="2.512"/>
  <testcase name="getAllPatientIdentifierTypes_shouldReturnAll" classname="org.openmrs.api.db.PatientDAOTest" time="2.295"/>
  <testcase name="getCountOfPatients_shouldCountPatientsByIdentifier_SignatureNo1" classname="org.openmrs.api.db.PatientDAOTest" time="2.549"/>
  <testcase name="getCountOfPatients_shouldCountPatientsByIdentifier_SignatureNo2" classname="org.openmrs.api.db.PatientDAOTest" time="2.736"/>
  <testcase name="getPatients_shouldGetPatientByMiddleName_SignatureNo1" classname="org.openmrs.api.db.PatientDAOTest" time="5.391"/>
  <testcase name="getPatients_shouldGetPatientByMiddleName_SignatureNo2" classname="org.openmrs.api.db.PatientDAOTest" time="1.797"/>
  <testcase name="getPatients_shouldNotGetPatientsByNullName_SignatureNo1" classname="org.openmrs.api.db.PatientDAOTest" time="2.197"/>
  <testcase name="getDuplicatePatients_shouldGetDuplicatesWithGenderBirthDate" classname="org.openmrs.api.db.PatientDAOTest" time="2.544"/>
  <testcase name="getPatients_shouldNotGetPatientsByEmptyName_SignatureNo1" classname="org.openmrs.api.db.PatientDAOTest" time="2.17"/>
  <testcase name="getPatientIdentifiers_shouldNotGetVoidedPatientIdentifiers" classname="org.openmrs.api.db.PatientDAOTest" time="2.391"/>
  <testcase name="getPatients_shouldGetNoPatientByVoidedAttribute_SignatureNo2" classname="org.openmrs.api.db.PatientDAOTest" time="2.312"/>
  <testcase name="getPatientIdentifierTypes_shouldReturnNonRetiredPatientIdentifierTypes_OrderedByRequiredFirst" classname="org.openmrs.api.db.PatientDAOTest" time="2.43"/>
  <testcase name="getPatients_shouldNotMatchVoidedPatientNames_SignatureNo1" classname="org.openmrs.api.db.PatientDAOTest" time="5.271"/>
  <testcase name="getPatients_shouldNotGetExcessPatientsOnIdentifierAndAttributeMatch" classname="org.openmrs.api.db.PatientDAOTest" time="5.651"/>
  <testcase name="getPatients_shouldReturnDistinctPatientList_SignatureNo2" classname="org.openmrs.api.db.PatientDAOTest" time="2.623"/>
  <testcase name="getCountOfPatients_shouldCountPatientsBySearchableAttribute_SignatureNo2" classname="org.openmrs.api.db.PatientDAOTest" time="2.793"/>
  <testcase name="getPatients_shouldReturnOnlyPatients" classname="org.openmrs.api.db.PatientDAOTest" time="1.81"/>
  <testcase name="getPatients_shouldGetOnePatientByMultipleNameParts_SignatureNo1" classname="org.openmrs.api.db.PatientDAOTest" time="2.027"/>
  <testcase name="getPatients_shouldGetPatientByIdentifier_SignatureNo1" classname="org.openmrs.api.db.PatientDAOTest" time="2.317"/>
  <testcase name="getPatients_shouldGetPatientByIdentifier_SignatureNo2" classname="org.openmrs.api.db.PatientDAOTest" time="2.564"/>
  <testcase name="getPatients_shouldFindIdentifierIgnoringCase" classname="org.openmrs.api.db.PatientDAOTest" time="5.294"/>
  <testcase name="getPatients_shouldNotGetPatientByWrongIdentifierStartMatchPhrase" classname="org.openmrs.api.db.PatientDAOTest" time="2.604"/>
  <testcase name="getPatients_shouldNotGetPatientsWithMatchModeStart_SignatureNo1" classname="org.openmrs.api.db.PatientDAOTest" time="2.544"/>
  <testcase name="getPatients_shouldNotGetPatientsWithMatchModeStart_SignatureNo2" classname="org.openmrs.api.db.PatientDAOTest" time="2.321"/>
  <testcase name="getPatients_shouldGetPatientByFamilyName_SignatureNo1" classname="org.openmrs.api.db.PatientDAOTest" time="2.359"/>
  <testcase name="getPatients_shouldGetPatientByFamilyName_SignatureNo2" classname="org.openmrs.api.db.PatientDAOTest" time="2.592"/>
  <testcase name="getPatientIdentifierTypes_shouldReturnNonRetiredPatientIdentifierTypesWithGivenFormat" classname="org.openmrs.api.db.PatientDAOTest" time="11.558"/>
  <testcase name="getPatientIdentifierTypes_shouldReturnOnlyNonRetiredPatientIdentifierTypes" classname="org.openmrs.api.db.PatientDAOTest" time="4.87"/>
  <testcase name="getPatients_shouldNotGetExcessPatients" classname="org.openmrs.api.db.PatientDAOTest" time="2.482"/>
  <testcase name="getDuplicatePatients_shouldGetZeroDuplicatesWithInvalidAttribute" classname="org.openmrs.api.db.PatientDAOTest" time="2.254"/>
  <testcase name="getPatients_shouldNotMatchVoidedPatients" classname="org.openmrs.api.db.PatientDAOTest" time="5.847"/>
  <testcase name="getPatients_shouldGetPatientByShortMiddleName_SignatureNo1" classname="org.openmrs.api.db.PatientDAOTest" time="2.781"/>
  <testcase name="getPatients_shouldGetPatientByShortMiddleName_SignatureNo2" classname="org.openmrs.api.db.PatientDAOTest" time="5.057"/>
  <testcase name="getPatientIdentifierTypes_shouldReturnNonRetiredPatientIdentifierTypesThatAreNotRequired" classname="org.openmrs.api.db.PatientDAOTest" time="2.782"/>
  <testcase name="getPatients_shouldGetPatientBySearchingOnNamesOrIdentifiersAndUsingIdentifierValueAsNameParameter_SignatureNo1" classname="org.openmrs.api.db.PatientDAOTest" time="3.664"/>
  <testcase name="getPatients_shouldGetPatientByIdentifierAnywhereMatch" classname="org.openmrs.api.db.PatientDAOTest" time="7.332"/>
  <testcase name="getPatients_shouldNotGetNewPatientByWrongIdentifierStartMatch" classname="org.openmrs.api.db.PatientDAOTest" time="7.167"/>
  <testcase name="getPatients_shouldGetPatientByShortFamily2Name_SignatureNo1" classname="org.openmrs.api.db.PatientDAOTest" time="3.231"/>
  <testcase name="getPatients_shouldGetPatientByShortFamily2Name_SignatureNo2" classname="org.openmrs.api.db.PatientDAOTest" time="6.184"/>
  <testcase name="getPatients_shouldNotMatchVoidedPatients_SignatureNo1" classname="org.openmrs.api.db.PatientDAOTest" time="12.504"/>
  <testcase name="getPatients_shouldNotMatchVoidedPatients_SignatureNo2" classname="org.openmrs.api.db.PatientDAOTest" time="2.137"/>
  <testcase name="getPatients_shouldFindOnlySearchablePersonAttributes" classname="org.openmrs.api.db.PatientDAOTest" time="2.753"/>
  <testcase name="getPatientIdentifierTypes_shouldReturnNonRetiredPatientIdentifierTypes_OrderedByRequiredAndName" classname="org.openmrs.api.db.PatientDAOTest" time="2.146"/>
  <testcase name="getPatients_shouldFindTheNextFourOutOfElevenPatients_SignatureNo2" classname="org.openmrs.api.db.PatientDAOTest" time="2.444"/>
  <testcase name="getPatients_shouldFindTheRemainingThreeOutOfElevenPatients_SignatureNo2" classname="org.openmrs.api.db.PatientDAOTest" time="2.451"/>
  <testcase name="getPatients_shouldNotMatchVoidedPatientsWhenVoidedFalseIsPassed" classname="org.openmrs.api.db.PatientDAOTest" time="6.743"/>
  <testcase name="getPatientIdentifierTypes_shouldReturnNonRetiredPatientIdentifierTypes_OrderedByRequiredNameAndTypeId" classname="org.openmrs.api.db.PatientDAOTest" time="8.578"/>
  <testcase name="getPatients_shouldEscapeUnderscoreCharacterInIdentifierPhrase" classname="org.openmrs.api.db.PatientDAOTest" time="8.96"/>
  <testcase name="getPatients_shouldGetNoVoidedPersonWhenVoidedFalseIsPassed" classname="org.openmrs.api.db.PatientDAOTest" time="2.351"/>
  <testcase name="getPatients_shouldGetPatientByShortFamilyName_SignatureNo1" classname="org.openmrs.api.db.PatientDAOTest" time="2.282"/>
  <testcase name="getPatients_shouldGetPatientByShortFamilyName_SignatureNo2" classname="org.openmrs.api.db.PatientDAOTest" time="1.881"/>
  <testcase name="getPatientIdentifiers_shouldReturnAllMatchingNonVoidedPatientIdentifiersIfIsPreferredIsSetToNull" classname="org.openmrs.api.db.PatientDAOTest" time="3.074"/>
  <testcase name="getPatientIdentifiers_shouldReturnAllMatchingNonVoidedPatientIdentifiersIfIsPreferredIsSetToTrue" classname="org.openmrs.api.db.PatientDAOTest" time="4.041"/>
  <testcase name="getPatients_shouldGetVoidedPersonWhenVoidedTrueIsPassed" classname="org.openmrs.api.db.PatientDAOTest" time="3.585"/>
  <testcase name="getPatients_shouldGetMultiplePatientsBySingleAttribute_SignatureNo2" classname="org.openmrs.api.db.PatientDAOTest" time="3.662"/>
  <testcase name="getPatients_shouldFindElevenOutOfElevenPatients_SignatureNo2" classname="org.openmrs.api.db.PatientDAOTest" time="2.456"/>
  <testcase name="getPatients_shouldNotGetPatientByVoidedIdentifier_SignatureNo1" classname="org.openmrs.api.db.PatientDAOTest" time="2.313"/>
  <testcase name="getPatients_shouldNotGetPatientByVoidedIdentifier_SignatureNo2" classname="org.openmrs.api.db.PatientDAOTest" time="2.654"/>
  <testcase name="getPatients_shouldNotGetPatientByMixOfExistingAndNonexistingNameParts_SignatureNo1" classname="org.openmrs.api.db.PatientDAOTest" time="2.411"/>
  <testcase name="getPatients_shouldNotGetPatientByMixOfExistingAndNonexistingNameParts_SignatureNo2" classname="org.openmrs.api.db.PatientDAOTest" time="2.31"/>
  <testcase name="getCountOfPatients_shouldCountSinglePatient_SignatureNo1" classname="org.openmrs.api.db.PatientDAOTest" time="2.403"/>
  <testcase name="getCountOfPatients_shouldCountSinglePatient_SignatureNo2" classname="org.openmrs.api.db.PatientDAOTest" time="2.553"/>
  <testcase name="getPatients_shouldNotGetPatientByNonexistingShortNameParts_SignatureNo1" classname="org.openmrs.api.db.PatientDAOTest" time="2.48"/>
  <testcase name="getPatients_shouldNotGetPatientByNonexistingShortNameParts_SignatureNo2" classname="org.openmrs.api.db.PatientDAOTest" time="2.795"/>
  <testcase name="getPatients_shouldGetNewPatientByIdentifierStartMatch" classname="org.openmrs.api.db.PatientDAOTest" time="8.928"/>
  <testcase name="getPatientIdentifiers_shouldReturnAllMatchingNonVoidedPatientIdentifiersIfIsPreferredIsSetToFalse" classname="org.openmrs.api.db.PatientDAOTest" time="2.519"/>
  <testcase name="getPatientIdentifiers_shouldFetchAllPatientIdentifiersBelongToGivenPatients" classname="org.openmrs.api.db.PatientDAOTest" time="2.942"/>
  <testcase name="getPatients_shouldGetPatientsWithMatchModeStart_SignatureNo1" classname="org.openmrs.api.db.PatientDAOTest" time="2.501"/>
  <testcase name="getPatients_shouldGetPatientsWithMatchModeStart_SignatureNo2" classname="org.openmrs.api.db.PatientDAOTest" time="2.362"/>
  <testcase name="getCountOfPatients_shouldCountPatientsByName_SignatureNo1" classname="org.openmrs.api.db.PatientDAOTest" time="2.232"/>
  <testcase name="getCountOfPatients_shouldCountPatientsByName_SignatureNo2" classname="org.openmrs.api.db.PatientDAOTest" time="2.439"/>
  <testcase name="getPatients_shouldNotGetPatientsWithMatchModeAnywhere_SignatureNo1" classname="org.openmrs.api.db.PatientDAOTest" time="2.726"/>
  <testcase name="getPatients_shouldNotGetPatientsWithMatchModeAnywhere_SignatureNo2" classname="org.openmrs.api.db.PatientDAOTest" time="2.528"/>
  <testcase name="getPatients_shouldGetPatientByFamily2Name_SignatureNo1" classname="org.openmrs.api.db.PatientDAOTest" time="5.073"/>
  <testcase name="getPatients_shouldGetPatientByFamily2Name_SignatureNo2" classname="org.openmrs.api.db.PatientDAOTest" time="3.373"/>
  <testcase name="getPatients_shouldNotGetPatientsByNegativeLength_SignatureNo2" classname="org.openmrs.api.db.PatientDAOTest" time="4.243"/>
  <testcase name="getPatientIdentifiers_shouldFetchPatientIdentifiersThatEqualsGivenIdentifier" classname="org.openmrs.api.db.PatientDAOTest" time="1.882"/>
  <testcase name="getPatients_shouldEscapeAnAsterixCharacterInNamePhrase" classname="org.openmrs.api.db.PatientDAOTest" time="5.145"/>
  <testcase name="getAllPatientIdentifierTypes_shouldReturnOrdered" classname="org.openmrs.api.db.PatientDAOTest" time="2.303"/>
  <testcase name="getPatients_shouldEscapeAnAsterixCharacterInIdentifierPhrase" classname="org.openmrs.api.db.PatientDAOTest" time="5.425"/>
  <testcase name="getDuplicatePatients_shouldGetDuplicatesWithGenderBirthDateGivenNameFamilyNameIdentifier" classname="org.openmrs.api.db.PatientDAOTest" time="2.274"/>
  <testcase name="getPatients_shouldEscapePercentageCharacterInIdentifierPhrase" classname="org.openmrs.api.db.PatientDAOTest" time="8.148"/>
  <testcase name="getPatients_shouldFindPatientsWithNullAsStart_SignatureNo2" classname="org.openmrs.api.db.PatientDAOTest" time="5.796"/>
  <testcase name="getPatients_shouldGetOnePatientByAttribute_SignatureNo2" classname="org.openmrs.api.db.PatientDAOTest" time="5.405"/>
  <testcase name="getDuplicatePatients_shouldGetDuplicatesWithGenderBirthDateGivenName" classname="org.openmrs.api.db.PatientDAOTest" time="2.434"/>
  <testcase name="getPatients_shouldFindPatientsEfficiently" classname="org.openmrs.api.db.PatientDAOTest" time="0">
    <skipped message="Designated for manual runs"/>
  </testcase>
  <testcase name="getPatients_shouldGetPatientByWholeName_SignatureNo1" classname="org.openmrs.api.db.PatientDAOTest" time="2.24"/>
  <testcase name="getPatients_shouldGetPatientByWholeName_SignatureNo2" classname="org.openmrs.api.db.PatientDAOTest" time="2.334"/>
  <testcase name="getCountOfPatients_shouldCountZeroPatientsForNonmatchingQuery_SignatureNo1" classname="org.openmrs.api.db.PatientDAOTest" time="2.608"/>
  <testcase name="getCountOfPatients_shouldCountZeroPatientsForNonmatchingQuery_SignatureNo2" classname="org.openmrs.api.db.PatientDAOTest" time="2.357"/>
  <testcase name="getPatients_shouldNotGetExcessPatientsOnIdentifierAndNameMatch" classname="org.openmrs.api.db.PatientDAOTest" time="5.322"/>
  <testcase name="getPatients_shouldNotGetPatientByMixOfExistingAndNonexistingShortNameParts_SignatureNo1" classname="org.openmrs.api.db.PatientDAOTest" time="4.61"/>
  <testcase name="getPatients_shouldNotGetPatientByMixOfExistingAndNonexistingShortNameParts_SignatureNo2" classname="org.openmrs.api.db.PatientDAOTest" time="2.954"/>
  <testcase name="getPatients_shouldGetPatientByIdentifierStartMatch" classname="org.openmrs.api.db.PatientDAOTest" time="2.434"/>
  <testcase name="getPatients_shouldFindTheFirstFourOutOfElevenPatients_SignatureNo2" classname="org.openmrs.api.db.PatientDAOTest" time="2.279"/>
  <testcase name="getPatientIdentifierTypes_shouldReturnNonRetiredPatientIdentifierTypesWithGivenName" classname="org.openmrs.api.db.PatientDAOTest" time="2.328"/>
  <testcase name="getPatients_shouldFindPatientsWithNullAsLength_SignatureNo2" classname="org.openmrs.api.db.PatientDAOTest" time="2.495"/>
  <testcase name="getPatients_shouldNotGetPatientByVoidedName_SignatureNo1" classname="org.openmrs.api.db.PatientDAOTest" time="2.355"/>
  <testcase name="getPatients_shouldNotGetPatientByVoidedName_SignatureNo2" classname="org.openmrs.api.db.PatientDAOTest" time="2.541"/>
  <testcase name="getPatients_shouldGetCloseIdentifiersWithCorrectStartPhrase" classname="org.openmrs.api.db.PatientDAOTest" time="5.742"/>
  <testcase name="getCountOfPatients_shouldCountZeroPatientsWhenQueryIsEmpty_SignatureNo2" classname="org.openmrs.api.db.PatientDAOTest" time="2.584"/>
  <testcase name="getPatients_shouldReturnPatientsByStartAndLengthPassed" classname="org.openmrs.api.db.PatientDAOTest" time="4.777"/>
  <testcase name="getPatients_shouldNotGetPatientsByNullQuery_SignatureNo2" classname="org.openmrs.api.db.PatientDAOTest" time="4.156"/>
  <testcase name="getPatients_shouldEscapePercentageCharacterInNamePhrase" classname="org.openmrs.api.db.PatientDAOTest" time="6.141"/>
  <testcase name="getAllPatientIdentifierTypes_shouldNotReturnRetired" classname="org.openmrs.api.db.PatientDAOTest" time="3.17"/>
  <testcase name="getPatients_shouldFindPatientsWithNegativeStart_SignatureNo2" classname="org.openmrs.api.db.PatientDAOTest" time="2.424"/>
  <testcase name="getPatients_shouldGetVoidedPatientsWithIdentifierStartMatch" classname="org.openmrs.api.db.PatientDAOTest" time="2.581"/>
  <testcase name="getPatients_shouldGetPatientByShortGivenName_SignatureNo1" classname="org.openmrs.api.db.PatientDAOTest" time="2.495"/>
  <testcase name="getPatients_shouldGetPatientByShortGivenName_SignatureNo2" classname="org.openmrs.api.db.PatientDAOTest" time="2.633"/>
  <testcase name="getPatientIdentifiers_shouldFetchAllPatientIdentifiersBelongToGivenPatient" classname="org.openmrs.api.db.PatientDAOTest" time="2.297"/>
  <testcase name="getPatients_shouldMatchVoidedPersonWhenVoidedTrueIsPassed" classname="org.openmrs.api.db.PatientDAOTest" time="9.453"/>
  <testcase name="getPatients_shouldGetPatientBySearchingOnNamesOrIdentifiersAndUsingNameValueAsIdentifierParameter_SignatureNo1" classname="org.openmrs.api.db.PatientDAOTest" time="6.598"/>
  <testcase name="getPatients_shouldNotGetPatientByNonexistingNameParts_SignatureNo1" classname="org.openmrs.api.db.PatientDAOTest" time="1.504"/>
  <testcase name="getPatients_shouldNotGetPatientByNonexistingNameParts_SignatureNo2" classname="org.openmrs.api.db.PatientDAOTest" time="2.154"/>
  <testcase name="getPatients_shouldGetPatientByGivenName_SignatureNo1" classname="org.openmrs.api.db.PatientDAOTest" time="2.511"/>
  <testcase name="getPatients_shouldGetPatientByGivenName_SignatureNo2" classname="org.openmrs.api.db.PatientDAOTest" time="2.555"/>
  <testcase name="getPatients_shouldNotMatchVoidedPatientNames" classname="org.openmrs.api.db.PatientDAOTest" time="5.176"/>
  <testcase name="getPatients_shouldNotGetPatientsByZeroLength_SignatureNo2" classname="org.openmrs.api.db.PatientDAOTest" time="2.511"/>
  <testcase name="getPatients_shouldNotGetPatientByVoidedShortName_SignatureNo1" classname="org.openmrs.api.db.PatientDAOTest" time="2.395"/>
  <testcase name="getPatients_shouldNotGetPatientByVoidedShortName_SignatureNo2" classname="org.openmrs.api.db.PatientDAOTest" time="4.525"/>
  <testcase name="getPatients_shouldGetNoPatientByNonsearchableAttribute_SignatureNo2" classname="org.openmrs.api.db.PatientDAOTest" time="4.863"/>
  <testcase name="getCountOfPatients_shouldCountZeroPatientsWhenNameAndIdentifierAndListOfIdentifierTypesAreNull_SignatureNo1" classname="org.openmrs.api.db.PatientDAOTest" time="2.158"/>
  <testcase name="getDuplicatePatients_shouldGetDuplicatesWithGenderBirthDateGivenNameFamilyName" classname="org.openmrs.api.db.PatientDAOTest" time="2.339"/>
  <testcase name="getPatients_shouldNotGetCloseIdentifiersWithWrongStartPhrase" classname="org.openmrs.api.db.PatientDAOTest" time="5.342"/>
  <testcase name="getPatientIdentifiers_shouldLimitByResultsByLocation" classname="org.openmrs.api.db.PatientDAOTest" time="2.345"/>
  <testcase name="getPatients_shouldNotGetPatientByEmptyIdentifier_SignatureNo1" classname="org.openmrs.api.db.PatientDAOTest" time="2.727"/>
  <testcase name="getPatients_shouldNotGetPatientsBySearchingForNonvoidedAndVoidedAttribute_SignatureNo2" classname="org.openmrs.api.db.PatientDAOTest" time="2.237"/>
  <testcase name="getPatients_shouldEscapeUnderscoreCharacterInNamePhrase" classname="org.openmrs.api.db.PatientDAOTest" time="6.948"/>
  <testcase name="getPatientIdentifierTypes_shouldReturnNonRetiredPatientIdentifierTypesThatAreRequired" classname="org.openmrs.api.db.PatientDAOTest" time="3.939"/>
  <testcase name="getPatients_shouldNotGetPatientByNonexistingSingleName_SignatureNo1" classname="org.openmrs.api.db.PatientDAOTest" time="4.577"/>
  <testcase name="getPatients_shouldNotGetPatientByNonexistingSingleName_SignatureNo2" classname="org.openmrs.api.db.PatientDAOTest" time="2.357"/>
  <testcase name="getDuplicatePatients_shouldGetDuplicatesWithBirthDateInvalidAttribute" classname="org.openmrs.api.db.PatientDAOTest" time="2.035"/>
  <testcase name="getPatients_shouldNotGetPatientsByEmptyQuery_SignatureNo2" classname="org.openmrs.api.db.PatientDAOTest" time="2.946"/>
  <testcase name="getPatients_shouldFindPatientsWithExcessiveLength_SignatureNo2" classname="org.openmrs.api.db.PatientDAOTest" time="2.512"/>
</testsuite>